[0.007s] Invoking command in '/home/anton/ros2_ws/src/LoversOfMen/Integration/build/Integration': /usr/bin/cmake /home/anton/ros2_ws/src/LoversOfMen/Integration -DCMAKE_INSTALL_PREFIX=/home/anton/ros2_ws/src/LoversOfMen/Integration/install/Integration
[0.051s] -- The C compiler identification is GNU 11.4.0
[0.096s] -- The CXX compiler identification is GNU 11.4.0
[0.103s] -- Detecting C compiler ABI info
[0.173s] -- Detecting C compiler ABI info - done
[0.181s] -- Check for working C compiler: /usr/bin/cc - skipped
[0.181s] -- Detecting C compile features
[0.181s] -- Detecting C compile features - done
[0.184s] -- Detecting CXX compiler ABI info
[0.258s] -- Detecting CXX compiler ABI info - done
[0.267s] -- Check for working CXX compiler: /usr/bin/c++ - skipped
[0.267s] -- Detecting CXX compile features
[0.267s] -- Detecting CXX compile features - done
[0.269s] -- Found ament_cmake: 1.3.11 (/opt/ros/humble/share/ament_cmake/cmake)
[0.395s] -- Found Python3: /usr/bin/python3 (found version "3.10.12") found components: Interpreter 
[0.474s] -- Found ament_lint_auto: 0.12.12 (/opt/ros/humble/share/ament_lint_auto/cmake)
[0.518s] WARNING: Package name "Integration" does not follow the naming conventions. It should start with a lower case letter and only contain lower case letters, digits, underscores, and dashes.
[0.540s] -- Added test 'cppcheck' to perform static code analysis on C / C++ code
[0.540s] -- Configured cppcheck include dirs: 
[0.540s] -- Configured cppcheck exclude dirs and/or files: 
[0.541s] -- Added test 'lint_cmake' to check CMake code style
[0.545s] -- Added test 'uncrustify' to check C / C++ code style
[0.545s] -- Configured uncrustify additional arguments: 
[0.546s] -- Added test 'xmllint' to check XML markup files
[0.547s] -- Configuring done
[0.550s] -- Generating done
[0.551s] -- Build files have been written to: /home/anton/ros2_ws/src/LoversOfMen/Integration/build/Integration
[0.555s] Invoked command in '/home/anton/ros2_ws/src/LoversOfMen/Integration/build/Integration' returned '0': /usr/bin/cmake /home/anton/ros2_ws/src/LoversOfMen/Integration -DCMAKE_INSTALL_PREFIX=/home/anton/ros2_ws/src/LoversOfMen/Integration/install/Integration
[0.556s] Invoking command in '/home/anton/ros2_ws/src/LoversOfMen/Integration/build/Integration': /usr/bin/cmake --build /home/anton/ros2_ws/src/LoversOfMen/Integration/build/Integration -- -j8 -l8
[0.589s] Invoked command in '/home/anton/ros2_ws/src/LoversOfMen/Integration/build/Integration' returned '0': /usr/bin/cmake --build /home/anton/ros2_ws/src/LoversOfMen/Integration/build/Integration -- -j8 -l8
[0.598s] Invoking command in '/home/anton/ros2_ws/src/LoversOfMen/Integration/build/Integration': /usr/bin/cmake --install /home/anton/ros2_ws/src/LoversOfMen/Integration/build/Integration
[0.604s] -- Install configuration: ""
[0.604s] -- Installing: /home/anton/ros2_ws/src/LoversOfMen/Integration/install/Integration/share/ament_index/resource_index/package_run_dependencies/Integration
[0.604s] -- Installing: /home/anton/ros2_ws/src/LoversOfMen/Integration/install/Integration/share/ament_index/resource_index/parent_prefix_path/Integration
[0.604s] -- Installing: /home/anton/ros2_ws/src/LoversOfMen/Integration/install/Integration/share/Integration/environment/ament_prefix_path.sh
[0.604s] -- Installing: /home/anton/ros2_ws/src/LoversOfMen/Integration/install/Integration/share/Integration/environment/ament_prefix_path.dsv
[0.605s] -- Installing: /home/anton/ros2_ws/src/LoversOfMen/Integration/install/Integration/share/Integration/environment/path.sh
[0.605s] -- Installing: /home/anton/ros2_ws/src/LoversOfMen/Integration/install/Integration/share/Integration/environment/path.dsv
[0.605s] -- Installing: /home/anton/ros2_ws/src/LoversOfMen/Integration/install/Integration/share/Integration/local_setup.bash
[0.605s] -- Installing: /home/anton/ros2_ws/src/LoversOfMen/Integration/install/Integration/share/Integration/local_setup.sh
[0.605s] -- Installing: /home/anton/ros2_ws/src/LoversOfMen/Integration/install/Integration/share/Integration/local_setup.zsh
[0.606s] -- Installing: /home/anton/ros2_ws/src/LoversOfMen/Integration/install/Integration/share/Integration/local_setup.dsv
[0.606s] -- Installing: /home/anton/ros2_ws/src/LoversOfMen/Integration/install/Integration/share/Integration/package.dsv
[0.606s] -- Installing: /home/anton/ros2_ws/src/LoversOfMen/Integration/install/Integration/share/ament_index/resource_index/packages/Integration
[0.606s] -- Installing: /home/anton/ros2_ws/src/LoversOfMen/Integration/install/Integration/share/Integration/cmake/IntegrationConfig.cmake
[0.606s] -- Installing: /home/anton/ros2_ws/src/LoversOfMen/Integration/install/Integration/share/Integration/cmake/IntegrationConfig-version.cmake
[0.606s] -- Installing: /home/anton/ros2_ws/src/LoversOfMen/Integration/install/Integration/share/Integration/package.xml
[0.608s] Invoked command in '/home/anton/ros2_ws/src/LoversOfMen/Integration/build/Integration' returned '0': /usr/bin/cmake --install /home/anton/ros2_ws/src/LoversOfMen/Integration/build/Integration
