[0mCMake Error: Cannot determine link language for target "perception__rosidl_generator_c".[0m
[0mCMake Error: CMake can not determine linker language for target: perception__rosidl_generator_c[0m
[0mCMake Error: Cannot determine link language for target "perception__rosidl_typesupport_introspection_c".[0m
[0mCMake Error: CMake can not determine linker language for target: perception__rosidl_typesupport_introspection_c[0m
[0mCMake Error: Cannot determine link language for target "perception__rosidl_generator_py".[0m
[0mCMake Error: CMake can not determine linker language for target: perception__rosidl_generator_py[0m
[0mCMake Error: Cannot determine link language for target "perception__rosidl_typesupport_fastrtps_c__pyext".[0m
[0mCMake Error: CMake can not determine linker language for target: perception__rosidl_typesupport_fastrtps_c__pyext[0m
[0mCMake Error: Cannot determine link language for target "perception__rosidl_typesupport_introspection_c__pyext".[0m
[0mCMake Error: CMake can not determine linker language for target: perception__rosidl_typesupport_introspection_c__pyext[0m
[0mCMake Error: Cannot determine link language for target "perception__rosidl_typesupport_c__pyext".[0m
[0mCMake Error: CMake can not determine linker language for target: perception__rosidl_typesupport_c__pyext[0m
[31mCMake Error in CMakeLists.txt:
  Exporting the target "perception__rosidl_generator_c" is not allowed since
  its linker language cannot be determined

[0m
[31mCMake Error in CMakeLists.txt:
  Exporting the target "perception__rosidl_typesupport_introspection_c" is
  not allowed since its linker language cannot be determined

[0m
[31mCMake Error in CMakeLists.txt:
  Exporting the target "perception__rosidl_generator_py" is not allowed since
  its linker language cannot be determined

[0m
[0mCMake Generate step failed.  Build files cannot be regenerated correctly.[0m
