[0.008s] Invoking command in '/home/anton/ros2_ws/src/LoversOfMen/Perception/build/perception': /usr/bin/cmake /home/anton/ros2_ws/src/LoversOfMen/Perception -DCMAKE_BUILD_TYPE=Debug -DCMAKE_INSTALL_PREFIX=/home/anton/ros2_ws/src/LoversOfMen/Perception/install/perception
[0.070s] -- The CXX compiler identification is GNU 11.4.0
[0.076s] -- Detecting CXX compiler ABI info
[0.147s] -- Detecting CXX compiler ABI info - done
[0.154s] -- Check for working CXX compiler: /usr/bin/c++ - skipped
[0.154s] -- Detecting CXX compile features
[0.154s] -- Detecting CXX compile features - done
[0.157s] -- Found ament_cmake: 1.3.11 (/opt/ros/humble/share/ament_cmake/cmake)
[0.293s] -- Found Python3: /usr/bin/python3 (found version "3.10.12") found components: Interpreter 
[0.379s] -- Found rclcpp: 16.0.12 (/opt/ros/humble/share/rclcpp/cmake)
[0.410s] -- Found rosidl_generator_c: 3.1.6 (/opt/ros/humble/share/rosidl_generator_c/cmake)
[0.413s] -- Found rosidl_adapter: 3.1.6 (/opt/ros/humble/share/rosidl_adapter/cmake)
[0.423s] -- Found rosidl_generator_cpp: 3.1.6 (/opt/ros/humble/share/rosidl_generator_cpp/cmake)
[0.438s] -- Using all available rosidl_typesupport_c: rosidl_typesupport_fastrtps_c;rosidl_typesupport_introspection_c
[0.453s] -- Using all available rosidl_typesupport_cpp: rosidl_typesupport_fastrtps_cpp;rosidl_typesupport_introspection_cpp
[0.490s] -- Found rmw_implementation_cmake: 6.1.2 (/opt/ros/humble/share/rmw_implementation_cmake/cmake)
[0.492s] -- Found rmw_fastrtps_cpp: 6.2.7 (/opt/ros/humble/share/rmw_fastrtps_cpp/cmake)
[0.572s] -- Found OpenSSL: /usr/lib/x86_64-linux-gnu/libcrypto.so (found version "3.0.2")  
[0.595s] -- Found FastRTPS: /opt/ros/humble/include  
[0.637s] -- Using RMW implementation 'rmw_fastrtps_cpp' as default
[0.646s] -- Looking for C++ include pthread.h
[0.726s] -- Looking for C++ include pthread.h - found
[0.726s] -- Performing Test CMAKE_HAVE_LIBC_PTHREAD
[0.806s] -- Performing Test CMAKE_HAVE_LIBC_PTHREAD - Success
[0.808s] -- Found Threads: TRUE  
[0.858s] -- Found sensor_msgs: 4.8.0 (/opt/ros/humble/share/sensor_msgs/cmake)
[0.886s] -- Found cv_bridge: 3.2.1 (/opt/ros/humble/share/cv_bridge/cmake)
[0.895s] -- Found image_transport: 3.1.11 (/opt/ros/humble/share/image_transport/cmake)
[0.931s] -- Found OpenCV: /usr (found version "4.5.4") 
[0.933s] -- Found rosidl_default_generators: 1.2.0 (/opt/ros/humble/share/rosidl_default_generators/cmake)
[1.176s] -- Found ament_cmake_ros: 0.10.0 (/opt/ros/humble/share/ament_cmake_ros/cmake)
[1.460s] -- Using all available rosidl_typesupport_c: rosidl_typesupport_fastrtps_c;rosidl_typesupport_introspection_c
[1.570s] -- Using all available rosidl_typesupport_cpp: rosidl_typesupport_fastrtps_cpp;rosidl_typesupport_introspection_cpp
[1.589s] -- Found PythonInterp: /usr/bin/python3 (found suitable version "3.10.12", minimum required is "3.6") 
[1.590s] -- Found python_cmake_module: 0.10.0 (/opt/ros/humble/share/python_cmake_module/cmake)
[1.613s] -- Found PythonLibs: /usr/lib/x86_64-linux-gnu/libpython3.10.so (found suitable version "3.10.12", minimum required is "3.5") 
[1.613s] -- Using PYTHON_EXECUTABLE: /usr/bin/python3
[1.613s] -- Using PYTHON_INCLUDE_DIRS: /usr/include/python3.10
[1.613s] -- Using PYTHON_LIBRARIES: /usr/lib/x86_64-linux-gnu/libpython3.10.so
[1.638s] -- Found PythonExtra: .so  
[1.671s] -- Configuring done
[1.690s] [0mCMake Error: Cannot determine link language for target "perception__rosidl_generator_c".[0m
[1.690s] [0mCMake Error: CMake can not determine linker language for target: perception__rosidl_generator_c[0m
[1.693s] [0mCMake Error: Cannot determine link language for target "perception__rosidl_typesupport_introspection_c".[0m
[1.693s] [0mCMake Error: CMake can not determine linker language for target: perception__rosidl_typesupport_introspection_c[0m
[1.698s] [0mCMake Error: Cannot determine link language for target "perception__rosidl_generator_py".[0m
[1.698s] [0mCMake Error: CMake can not determine linker language for target: perception__rosidl_generator_py[0m
[1.698s] [0mCMake Error: Cannot determine link language for target "perception__rosidl_typesupport_fastrtps_c__pyext".[0m
[1.698s] [0mCMake Error: CMake can not determine linker language for target: perception__rosidl_typesupport_fastrtps_c__pyext[0m
[1.698s] [0mCMake Error: Cannot determine link language for target "perception__rosidl_typesupport_introspection_c__pyext".[0m
[1.698s] [0mCMake Error: CMake can not determine linker language for target: perception__rosidl_typesupport_introspection_c__pyext[0m
[1.699s] [0mCMake Error: Cannot determine link language for target "perception__rosidl_typesupport_c__pyext".[0m
[1.699s] [0mCMake Error: CMake can not determine linker language for target: perception__rosidl_typesupport_c__pyext[0m
[1.700s] [31mCMake Error in CMakeLists.txt:
[1.700s]   Exporting the target "perception__rosidl_generator_c" is not allowed since
[1.700s]   its linker language cannot be determined
[1.700s] 
[1.700s] [0m
[1.701s] [31mCMake Error in CMakeLists.txt:
[1.701s]   Exporting the target "perception__rosidl_typesupport_introspection_c" is
[1.701s]   not allowed since its linker language cannot be determined
[1.701s] 
[1.701s] [0m
[1.701s] [31mCMake Error in CMakeLists.txt:
[1.702s]   Exporting the target "perception__rosidl_generator_py" is not allowed since
[1.702s]   its linker language cannot be determined
[1.702s] 
[1.702s] [0m
[1.703s] -- Generating done
[1.705s] [0mCMake Generate step failed.  Build files cannot be regenerated correctly.[0m
[1.719s] Invoked command in '/home/anton/ros2_ws/src/LoversOfMen/Perception/build/perception' returned '1': /usr/bin/cmake /home/anton/ros2_ws/src/LoversOfMen/Perception -DCMAKE_BUILD_TYPE=Debug -DCMAKE_INSTALL_PREFIX=/home/anton/ros2_ws/src/LoversOfMen/Perception/install/perception
