[0.009s] Invoking command in '/home/anton/ros2_ws/src/LoversOfMen/integration/build/integration': /usr/bin/cmake /home/anton/ros2_ws/src/LoversOfMen/integration -DCMAKE_INSTALL_PREFIX=/home/anton/ros2_ws/src/LoversOfMen/integration/install/integration
[0.025s] -- Found ament_cmake: 1.3.11 (/opt/ros/humble/share/ament_cmake/cmake)
[0.181s] -- Found rclcpp: 16.0.12 (/opt/ros/humble/share/rclcpp/cmake)
[0.208s] -- Found rosidl_generator_c: 3.1.6 (/opt/ros/humble/share/rosidl_generator_c/cmake)
[0.213s] -- Found rosidl_adapter: 3.1.6 (/opt/ros/humble/share/rosidl_adapter/cmake)
[0.219s] -- Found rosidl_generator_cpp: 3.1.6 (/opt/ros/humble/share/rosidl_generator_cpp/cmake)
[0.231s] -- Using all available rosidl_typesupport_c: rosidl_typesupport_fastrtps_c;rosidl_typesupport_introspection_c
[0.244s] -- Using all available rosidl_typesupport_cpp: rosidl_typesupport_fastrtps_cpp;rosidl_typesupport_introspection_cpp
[0.274s] -- Found rmw_implementation_cmake: 6.1.2 (/opt/ros/humble/share/rmw_implementation_cmake/cmake)
[0.275s] -- Found rmw_fastrtps_cpp: 6.2.7 (/opt/ros/humble/share/rmw_fastrtps_cpp/cmake)
[0.366s] -- Using RMW implementation 'rmw_fastrtps_cpp' as default
[0.417s] -- Found geometry_msgs: 4.8.0 (/opt/ros/humble/share/geometry_msgs/cmake)
[0.436s] -- Found ament_lint_auto: 0.12.12 (/opt/ros/humble/share/ament_lint_auto/cmake)
[0.539s] -- Added test 'cppcheck' to perform static code analysis on C / C++ code
[0.539s] -- Configured cppcheck include dirs: 
[0.539s] -- Configured cppcheck exclude dirs and/or files: 
[0.543s] -- Added test 'flake8' to check Python code syntax and style conventions
[0.551s] -- Added test 'lint_cmake' to check CMake code style
[0.554s] -- Added test 'pep257' to check Python code against some of the docstring style conventions in PEP 257
[0.581s] -- Added test 'uncrustify' to check C / C++ code style
[0.581s] -- Configured uncrustify additional arguments: 
[0.585s] -- Added test 'xmllint' to check XML markup files
[0.585s] -- Configuring done
[0.593s] -- Generating done
[0.596s] -- Build files have been written to: /home/anton/ros2_ws/src/LoversOfMen/integration/build/integration
[0.602s] Invoked command in '/home/anton/ros2_ws/src/LoversOfMen/integration/build/integration' returned '0': /usr/bin/cmake /home/anton/ros2_ws/src/LoversOfMen/integration -DCMAKE_INSTALL_PREFIX=/home/anton/ros2_ws/src/LoversOfMen/integration/install/integration
[0.604s] Invoking command in '/home/anton/ros2_ws/src/LoversOfMen/integration/build/integration': /usr/bin/cmake --build /home/anton/ros2_ws/src/LoversOfMen/integration/build/integration -- -j8 -l8
[0.655s] [ 50%] [32mBuilding CXX object CMakeFiles/coordinates_publisher.dir/src/coordinates_publisher.cpp.o[0m
[4.888s] [100%] [32m[1mLinking CXX executable coordinates_publisher[0m
[5.095s] [100%] Built target coordinates_publisher
[5.105s] Invoked command in '/home/anton/ros2_ws/src/LoversOfMen/integration/build/integration' returned '0': /usr/bin/cmake --build /home/anton/ros2_ws/src/LoversOfMen/integration/build/integration -- -j8 -l8
[5.114s] Invoking command in '/home/anton/ros2_ws/src/LoversOfMen/integration/build/integration': /usr/bin/cmake --install /home/anton/ros2_ws/src/LoversOfMen/integration/build/integration
[5.120s] -- Install configuration: ""
[5.121s] -- Installing: /home/anton/ros2_ws/src/LoversOfMen/integration/install/integration/lib/integration/coordinates_publisher
[5.122s] -- Set runtime path of "/home/anton/ros2_ws/src/LoversOfMen/integration/install/integration/lib/integration/coordinates_publisher" to ""
[5.122s] -- Installing: /home/anton/ros2_ws/src/LoversOfMen/integration/install/integration/share/ament_index/resource_index/package_run_dependencies/integration
[5.122s] -- Installing: /home/anton/ros2_ws/src/LoversOfMen/integration/install/integration/share/ament_index/resource_index/parent_prefix_path/integration
[5.122s] -- Installing: /home/anton/ros2_ws/src/LoversOfMen/integration/install/integration/share/integration/environment/ament_prefix_path.sh
[5.122s] -- Installing: /home/anton/ros2_ws/src/LoversOfMen/integration/install/integration/share/integration/environment/ament_prefix_path.dsv
[5.122s] -- Installing: /home/anton/ros2_ws/src/LoversOfMen/integration/install/integration/share/integration/environment/path.sh
[5.122s] -- Installing: /home/anton/ros2_ws/src/LoversOfMen/integration/install/integration/share/integration/environment/path.dsv
[5.123s] -- Installing: /home/anton/ros2_ws/src/LoversOfMen/integration/install/integration/share/integration/local_setup.bash
[5.123s] -- Installing: /home/anton/ros2_ws/src/LoversOfMen/integration/install/integration/share/integration/local_setup.sh
[5.123s] -- Installing: /home/anton/ros2_ws/src/LoversOfMen/integration/install/integration/share/integration/local_setup.zsh
[5.125s] -- Installing: /home/anton/ros2_ws/src/LoversOfMen/integration/install/integration/share/integration/local_setup.dsv
[5.125s] -- Installing: /home/anton/ros2_ws/src/LoversOfMen/integration/install/integration/share/integration/package.dsv
[5.125s] -- Installing: /home/anton/ros2_ws/src/LoversOfMen/integration/install/integration/share/ament_index/resource_index/packages/integration
[5.125s] -- Installing: /home/anton/ros2_ws/src/LoversOfMen/integration/install/integration/share/integration/cmake/integrationConfig.cmake
[5.125s] -- Installing: /home/anton/ros2_ws/src/LoversOfMen/integration/install/integration/share/integration/cmake/integrationConfig-version.cmake
[5.125s] -- Installing: /home/anton/ros2_ws/src/LoversOfMen/integration/install/integration/share/integration/package.xml
[5.127s] Invoked command in '/home/anton/ros2_ws/src/LoversOfMen/integration/build/integration' returned '0': /usr/bin/cmake --install /home/anton/ros2_ws/src/LoversOfMen/integration/build/integration
