[0.007s] Invoking command in '/home/anton/ros2_ws/src/LoversOfMen/Perception/build/perception': /usr/bin/cmake /home/anton/ros2_ws/src/LoversOfMen/Perception -DCMAKE_BUILD_TYPE=Debug -DCMAKE_INSTALL_PREFIX=/home/anton/ros2_ws/src/LoversOfMen/Perception/install/perception
[0.020s] -- Found ament_cmake: 1.3.11 (/opt/ros/humble/share/ament_cmake/cmake)
[0.138s] -- Found rclcpp: 16.0.12 (/opt/ros/humble/share/rclcpp/cmake)
[0.168s] -- Found rosidl_generator_c: 3.1.6 (/opt/ros/humble/share/rosidl_generator_c/cmake)
[0.170s] -- Found rosidl_adapter: 3.1.6 (/opt/ros/humble/share/rosidl_adapter/cmake)
[0.175s] -- Found rosidl_generator_cpp: 3.1.6 (/opt/ros/humble/share/rosidl_generator_cpp/cmake)
[0.183s] -- Using all available rosidl_typesupport_c: rosidl_typesupport_fastrtps_c;rosidl_typesupport_introspection_c
[0.194s] -- Using all available rosidl_typesupport_cpp: rosidl_typesupport_fastrtps_cpp;rosidl_typesupport_introspection_cpp
[0.227s] -- Found rmw_implementation_cmake: 6.1.2 (/opt/ros/humble/share/rmw_implementation_cmake/cmake)
[0.229s] -- Found rmw_fastrtps_cpp: 6.2.7 (/opt/ros/humble/share/rmw_fastrtps_cpp/cmake)
[0.309s] -- Using RMW implementation 'rmw_fastrtps_cpp' as default
[0.358s] -- Found sensor_msgs: 4.8.0 (/opt/ros/humble/share/sensor_msgs/cmake)
[0.386s] -- Found cv_bridge: 3.2.1 (/opt/ros/humble/share/cv_bridge/cmake)
[0.393s] -- Found image_transport: 3.1.11 (/opt/ros/humble/share/image_transport/cmake)
[0.417s] -- Found rosidl_default_generators: 1.2.0 (/opt/ros/humble/share/rosidl_default_generators/cmake)
[0.655s] -- Found ament_cmake_ros: 0.10.0 (/opt/ros/humble/share/ament_cmake_ros/cmake)
[0.934s] -- Using all available rosidl_typesupport_c: rosidl_typesupport_fastrtps_c;rosidl_typesupport_introspection_c
[1.043s] -- Using all available rosidl_typesupport_cpp: rosidl_typesupport_fastrtps_cpp;rosidl_typesupport_introspection_cpp
[1.064s] -- Found python_cmake_module: 0.10.0 (/opt/ros/humble/share/python_cmake_module/cmake)
[1.084s] -- Using PYTHON_EXECUTABLE: /usr/bin/python3
[1.084s] -- Using PYTHON_INCLUDE_DIRS: /usr/include/python3.10
[1.084s] -- Using PYTHON_LIBRARIES: /usr/lib/x86_64-linux-gnu/libpython3.10.so
[1.099s] -- Configuring done
[1.125s] [0mCMake Error: Cannot determine link language for target "perception__rosidl_generator_c".[0m
[1.126s] [0mCMake Error: CMake can not determine linker language for target: perception__rosidl_generator_c[0m
[1.129s] [0mCMake Error: Cannot determine link language for target "perception__rosidl_typesupport_introspection_c".[0m
[1.129s] [0mCMake Error: CMake can not determine linker language for target: perception__rosidl_typesupport_introspection_c[0m
[1.584s] [0mCMake Error: Cannot determine link language for target "perception__rosidl_generator_py".[0m
[1.584s] [0mCMake Error: CMake can not determine linker language for target: perception__rosidl_generator_py[0m
[1.585s] [0mCMake Error: Cannot determine link language for target "perception__rosidl_typesupport_fastrtps_c__pyext".[0m
[1.585s] [0mCMake Error: CMake can not determine linker language for target: perception__rosidl_typesupport_fastrtps_c__pyext[0m
[1.586s] [0mCMake Error: Cannot determine link language for target "perception__rosidl_typesupport_introspection_c__pyext".[0m
[1.586s] [0mCMake Error: CMake can not determine linker language for target: perception__rosidl_typesupport_introspection_c__pyext[0m
[1.587s] [0mCMake Error: Cannot determine link language for target "perception__rosidl_typesupport_c__pyext".[0m
[1.587s] [0mCMake Error: CMake can not determine linker language for target: perception__rosidl_typesupport_c__pyext[0m
[1.590s] [31mCMake Error in CMakeLists.txt:
[1.590s]   Exporting the target "perception__rosidl_generator_c" is not allowed since
[1.590s]   its linker language cannot be determined
[1.591s] 
[1.591s] [0m
[1.592s] [31mCMake Error in CMakeLists.txt:
[1.592s]   Exporting the target "perception__rosidl_typesupport_introspection_c" is
[1.592s]   not allowed since its linker language cannot be determined
[1.592s] 
[1.593s] [0m
[1.594s] [31mCMake Error in CMakeLists.txt:
[1.594s]   Exporting the target "perception__rosidl_generator_py" is not allowed since
[1.594s]   its linker language cannot be determined
[1.594s] 
[1.594s] [0m
[1.598s] -- Generating done
[1.884s] [0mCMake Generate step failed.  Build files cannot be regenerated correctly.[0m
[1.899s] Invoked command in '/home/anton/ros2_ws/src/LoversOfMen/Perception/build/perception' returned '1': /usr/bin/cmake /home/anton/ros2_ws/src/LoversOfMen/Perception -DCMAKE_BUILD_TYPE=Debug -DCMAKE_INSTALL_PREFIX=/home/anton/ros2_ws/src/LoversOfMen/Perception/install/perception
