[0.099s] DEBUG:colcon:Command line arguments: ['/usr/bin/colcon', 'build', '--packages-select', 'Integration']
[0.099s] DEBUG:colcon:Parsed command line arguments: Namespace(log_base=None, log_level=None, verb_name='build', build_base='build', install_base='install', merge_install=False, symlink_install=False, test_result_base=None, continue_on_error=False, executor='parallel', parallel_workers=8, event_handlers=None, ignore_user_meta=False, metas=['./colcon.meta'], base_paths=['.'], packages_ignore=None, packages_ignore_regex=None, paths=None, packages_up_to=None, packages_up_to_regex=None, packages_above=None, packages_above_and_dependencies=None, packages_above_depth=None, packages_select_by_dep=None, packages_skip_by_dep=None, packages_skip_up_to=None, packages_select_build_failed=False, packages_skip_build_finished=False, packages_select_test_failures=False, packages_skip_test_passed=False, packages_select=['Integration'], packages_skip=None, packages_select_regex=None, packages_skip_regex=None, packages_start=None, packages_end=None, allow_overriding=[], cmake_args=None, cmake_target=None, cmake_target_skip_unavailable=False, cmake_clean_cache=False, cmake_clean_first=False, cmake_force_configure=False, mixin_files=None, mixin=None, verb_parser=<colcon_mixin.mixin.mixin_argument.MixinArgumentDecorator object at 0x7fca71c60a60>, verb_extension=<colcon_core.verb.build.BuildVerb object at 0x7fca71c605b0>, main=<bound method BuildVerb.main of <colcon_core.verb.build.BuildVerb object at 0x7fca71c605b0>>, mixin_verb=('build',))
[0.253s] Level 1:colcon.colcon_core.package_discovery:discover_packages(colcon_meta) check parameters
[0.253s] Level 1:colcon.colcon_core.package_discovery:discover_packages(recursive) check parameters
[0.253s] Level 1:colcon.colcon_core.package_discovery:discover_packages(ignore) check parameters
[0.253s] Level 1:colcon.colcon_core.package_discovery:discover_packages(path) check parameters
[0.253s] Level 1:colcon.colcon_core.package_discovery:discover_packages(colcon_meta) discover
[0.253s] Level 1:colcon.colcon_core.package_discovery:discover_packages(recursive) discover
[0.253s] INFO:colcon.colcon_core.package_discovery:Crawling recursively for packages in '/home/anton/ros2_ws/src/LoversOfMen/Integration'
[0.253s] Level 1:colcon.colcon_core.package_identification:_identify(.) by extensions ['ignore']
[0.253s] Level 1:colcon.colcon_core.package_identification:_identify(.) by extension 'ignore'
[0.253s] Level 1:colcon.colcon_core.package_identification:_identify(.) by extensions ['colcon_pkg']
[0.253s] Level 1:colcon.colcon_core.package_identification:_identify(.) by extension 'colcon_pkg'
[0.254s] Level 1:colcon.colcon_core.package_identification:_identify(.) by extensions ['colcon_meta']
[0.254s] Level 1:colcon.colcon_core.package_identification:_identify(.) by extension 'colcon_meta'
[0.254s] Level 1:colcon.colcon_core.package_identification:_identify(.) by extensions ['cmake', 'python']
[0.254s] Level 1:colcon.colcon_core.package_identification:_identify(.) by extension 'cmake'
[0.265s] Level 1:colcon.colcon_core.package_identification:_identify(.) by extension 'python'
[0.265s] DEBUG:colcon.colcon_core.package_identification:Package '.' with type 'cmake' and name 'Integration'
[0.265s] Level 1:colcon.colcon_core.package_discovery:discover_packages(recursive) using defaults
[0.265s] Level 1:colcon.colcon_core.package_discovery:discover_packages(ignore) discover
[0.265s] Level 1:colcon.colcon_core.package_discovery:discover_packages(ignore) using defaults
[0.265s] Level 1:colcon.colcon_core.package_discovery:discover_packages(path) discover
[0.265s] Level 1:colcon.colcon_core.package_discovery:discover_packages(path) using defaults
[0.285s] Level 1:colcon.colcon_core.package_discovery:discover_packages(prefix_path) check parameters
[0.285s] Level 1:colcon.colcon_core.package_discovery:discover_packages(prefix_path) discover
[0.285s] DEBUG:colcon.colcon_installed_package_information.package_discovery:Found 0 installed packages in /home/anton/ros2_ws/install
[0.286s] DEBUG:colcon.colcon_installed_package_information.package_discovery:Found 0 installed packages in /home/anton/ros2_ws/src/LoversOfMen/install
[0.286s] Level 1:colcon.colcon_core.package_discovery:discover_packages(prefix_path) using defaults
[0.286s] Level 5:colcon.colcon_core.verb:set package 'Integration' build argument 'cmake_args' from command line to 'None'
[0.287s] Level 5:colcon.colcon_core.verb:set package 'Integration' build argument 'cmake_target' from command line to 'None'
[0.287s] Level 5:colcon.colcon_core.verb:set package 'Integration' build argument 'cmake_target_skip_unavailable' from command line to 'False'
[0.287s] Level 5:colcon.colcon_core.verb:set package 'Integration' build argument 'cmake_clean_cache' from command line to 'False'
[0.287s] Level 5:colcon.colcon_core.verb:set package 'Integration' build argument 'cmake_clean_first' from command line to 'False'
[0.287s] Level 5:colcon.colcon_core.verb:set package 'Integration' build argument 'cmake_force_configure' from command line to 'False'
[0.287s] DEBUG:colcon.colcon_core.verb:Building package 'Integration' with the following arguments: {'build_base': '/home/anton/ros2_ws/src/LoversOfMen/Integration/build/Integration', 'cmake_args': None, 'cmake_clean_cache': False, 'cmake_clean_first': False, 'cmake_force_configure': False, 'cmake_target': None, 'cmake_target_skip_unavailable': False, 'install_base': '/home/anton/ros2_ws/src/LoversOfMen/Integration/install/Integration', 'merge_install': False, 'path': '/home/anton/ros2_ws/src/LoversOfMen/Integration', 'symlink_install': False, 'test_result_base': None}
[0.287s] INFO:colcon.colcon_core.executor:Executing jobs using 'parallel' executor
[0.288s] DEBUG:colcon.colcon_parallel_executor.executor.parallel:run_until_complete
[0.288s] INFO:colcon.colcon_cmake.task.cmake.build:Building CMake package in '/home/anton/ros2_ws/src/LoversOfMen/Integration'
[0.291s] INFO:colcon.colcon_core.plugin_system:Skipping extension 'colcon_core.shell.bat': Not used on non-Windows systems
[0.291s] INFO:colcon.colcon_core.shell:Skip shell extension 'powershell' for command environment: Not usable outside of PowerShell
[0.291s] DEBUG:colcon.colcon_core.shell:Skip shell extension 'dsv' for command environment
[0.299s] DEBUG:colcon.colcon_core.event_handler.log_command:Invoking command in '/home/anton/ros2_ws/src/LoversOfMen/Integration/build/Integration': /usr/bin/cmake --build /home/anton/ros2_ws/src/LoversOfMen/Integration/build/Integration -- -j8 -l8
[0.338s] DEBUG:colcon.colcon_core.event_handler.log_command:Invoked command in '/home/anton/ros2_ws/src/LoversOfMen/Integration/build/Integration' returned '0': /usr/bin/cmake --build /home/anton/ros2_ws/src/LoversOfMen/Integration/build/Integration -- -j8 -l8
[0.348s] DEBUG:colcon.colcon_core.event_handler.log_command:Invoking command in '/home/anton/ros2_ws/src/LoversOfMen/Integration/build/Integration': /usr/bin/cmake --install /home/anton/ros2_ws/src/LoversOfMen/Integration/build/Integration
[0.360s] Level 1:colcon.colcon_core.environment:create_environment_scripts_only(Integration)
[0.360s] DEBUG:colcon.colcon_core.event_handler.log_command:Invoked command in '/home/anton/ros2_ws/src/LoversOfMen/Integration/build/Integration' returned '0': /usr/bin/cmake --install /home/anton/ros2_ws/src/LoversOfMen/Integration/build/Integration
[0.363s] Level 1:colcon.colcon_core.environment:checking '/home/anton/ros2_ws/src/LoversOfMen/Integration/install/Integration' for CMake module files
[0.363s] Level 1:colcon.colcon_core.environment:checking '/home/anton/ros2_ws/src/LoversOfMen/Integration/install/Integration' for CMake config files
[0.364s] Level 1:colcon.colcon_core.shell:create_environment_hook('Integration', 'cmake_prefix_path')
[0.364s] INFO:colcon.colcon_core.shell:Creating environment hook '/home/anton/ros2_ws/src/LoversOfMen/Integration/install/Integration/share/Integration/hook/cmake_prefix_path.ps1'
[0.365s] INFO:colcon.colcon_core.shell:Creating environment descriptor '/home/anton/ros2_ws/src/LoversOfMen/Integration/install/Integration/share/Integration/hook/cmake_prefix_path.dsv'
[0.365s] INFO:colcon.colcon_core.shell:Creating environment hook '/home/anton/ros2_ws/src/LoversOfMen/Integration/install/Integration/share/Integration/hook/cmake_prefix_path.sh'
[0.366s] Level 1:colcon.colcon_core.environment:checking '/home/anton/ros2_ws/src/LoversOfMen/Integration/install/Integration/bin'
[0.366s] Level 1:colcon.colcon_core.environment:checking '/home/anton/ros2_ws/src/LoversOfMen/Integration/install/Integration/lib/pkgconfig/Integration.pc'
[0.367s] Level 1:colcon.colcon_core.environment:checking '/home/anton/ros2_ws/src/LoversOfMen/Integration/install/Integration/lib/python3.10/site-packages'
[0.367s] Level 1:colcon.colcon_core.environment:checking '/home/anton/ros2_ws/src/LoversOfMen/Integration/install/Integration/bin'
[0.367s] INFO:colcon.colcon_core.shell:Creating package script '/home/anton/ros2_ws/src/LoversOfMen/Integration/install/Integration/share/Integration/package.ps1'
[0.368s] INFO:colcon.colcon_core.shell:Creating package descriptor '/home/anton/ros2_ws/src/LoversOfMen/Integration/install/Integration/share/Integration/package.dsv'
[0.369s] INFO:colcon.colcon_core.shell:Creating package script '/home/anton/ros2_ws/src/LoversOfMen/Integration/install/Integration/share/Integration/package.sh'
[0.369s] INFO:colcon.colcon_core.shell:Creating package script '/home/anton/ros2_ws/src/LoversOfMen/Integration/install/Integration/share/Integration/package.bash'
[0.370s] INFO:colcon.colcon_core.shell:Creating package script '/home/anton/ros2_ws/src/LoversOfMen/Integration/install/Integration/share/Integration/package.zsh'
[0.371s] Level 1:colcon.colcon_core.environment:create_file_with_runtime_dependencies(/home/anton/ros2_ws/src/LoversOfMen/Integration/install/Integration/share/colcon-core/packages/Integration)
[0.371s] DEBUG:colcon.colcon_parallel_executor.executor.parallel:closing loop
[0.372s] DEBUG:colcon.colcon_parallel_executor.executor.parallel:loop closed
[0.372s] DEBUG:colcon.colcon_parallel_executor.executor.parallel:run_until_complete finished with '0'
[0.372s] DEBUG:colcon.colcon_core.event_reactor:joining thread
[0.378s] INFO:colcon.colcon_core.plugin_system:Skipping extension 'colcon_notification.desktop_notification.terminal_notifier': Not used on non-Darwin systems
[0.378s] INFO:colcon.colcon_core.plugin_system:Skipping extension 'colcon_notification.desktop_notification.win32': Not used on non-Windows systems
[0.378s] INFO:colcon.colcon_notification.desktop_notification:Sending desktop notification using 'notify2'
[0.389s] DEBUG:colcon.colcon_core.event_reactor:joined thread
[0.389s] INFO:colcon.colcon_core.shell:Creating prefix script '/home/anton/ros2_ws/src/LoversOfMen/Integration/install/local_setup.ps1'
[0.391s] INFO:colcon.colcon_core.shell:Creating prefix util module '/home/anton/ros2_ws/src/LoversOfMen/Integration/install/_local_setup_util_ps1.py'
[0.393s] INFO:colcon.colcon_core.shell:Creating prefix chain script '/home/anton/ros2_ws/src/LoversOfMen/Integration/install/setup.ps1'
[0.394s] INFO:colcon.colcon_core.shell:Creating prefix script '/home/anton/ros2_ws/src/LoversOfMen/Integration/install/local_setup.sh'
[0.395s] INFO:colcon.colcon_core.shell:Creating prefix util module '/home/anton/ros2_ws/src/LoversOfMen/Integration/install/_local_setup_util_sh.py'
[0.395s] INFO:colcon.colcon_core.shell:Creating prefix chain script '/home/anton/ros2_ws/src/LoversOfMen/Integration/install/setup.sh'
[0.397s] INFO:colcon.colcon_core.shell:Creating prefix script '/home/anton/ros2_ws/src/LoversOfMen/Integration/install/local_setup.bash'
[0.397s] INFO:colcon.colcon_core.shell:Creating prefix chain script '/home/anton/ros2_ws/src/LoversOfMen/Integration/install/setup.bash'
[0.398s] INFO:colcon.colcon_core.shell:Creating prefix script '/home/anton/ros2_ws/src/LoversOfMen/Integration/install/local_setup.zsh'
[0.399s] INFO:colcon.colcon_core.shell:Creating prefix chain script '/home/anton/ros2_ws/src/LoversOfMen/Integration/install/setup.zsh'
