-- Found ament_cmake: 1.3.11 (/opt/ros/humble/share/ament_cmake/cmake)
-- Found rclcpp: 16.0.12 (/opt/ros/humble/share/rclcpp/cmake)
-- Found rosidl_generator_c: 3.1.6 (/opt/ros/humble/share/rosidl_generator_c/cmake)
-- Found rosidl_adapter: 3.1.6 (/opt/ros/humble/share/rosidl_adapter/cmake)
-- Found rosidl_generator_cpp: 3.1.6 (/opt/ros/humble/share/rosidl_generator_cpp/cmake)
-- Using all available rosidl_typesupport_c: rosidl_typesupport_fastrtps_c;rosidl_typesupport_introspection_c
-- Using all available rosidl_typesupport_cpp: rosidl_typesupport_fastrtps_cpp;rosidl_typesupport_introspection_cpp
-- Found rmw_implementation_cmake: 6.1.2 (/opt/ros/humble/share/rmw_implementation_cmake/cmake)
-- Found rmw_fastrtps_cpp: 6.2.7 (/opt/ros/humble/share/rmw_fastrtps_cpp/cmake)
-- Using RMW implementation 'rmw_fastrtps_cpp' as default
-- Found sensor_msgs: 4.8.0 (/opt/ros/humble/share/sensor_msgs/cmake)
-- Found cv_bridge: 3.2.1 (/opt/ros/humble/share/cv_bridge/cmake)
-- Configuring done
-- Generating done
-- Build files have been written to: /home/anton/git/LoversOfMen/build/perception
[ 50%] [32mBuilding CXX object CMakeFiles/find_block_coordinates.dir/src/findBlockCoordinates.cpp.o[0m
[100%] [32m[1mLinking CXX executable find_block_coordinates[0m
[100%] Built target find_block_coordinates
-- Install configuration: ""
-- Installing: /home/anton/git/LoversOfMen/install/perception/lib/perception/find_block_coordinates
-- Set runtime path of "/home/anton/git/LoversOfMen/install/perception/lib/perception/find_block_coordinates" to ""
-- Installing: /home/anton/git/LoversOfMen/install/perception/share/ament_index/resource_index/package_run_dependencies/perception
-- Installing: /home/anton/git/LoversOfMen/install/perception/share/ament_index/resource_index/parent_prefix_path/perception
-- Installing: /home/anton/git/LoversOfMen/install/perception/share/perception/environment/ament_prefix_path.sh
-- Installing: /home/anton/git/LoversOfMen/install/perception/share/perception/environment/ament_prefix_path.dsv
-- Installing: /home/anton/git/LoversOfMen/install/perception/share/perception/environment/path.sh
-- Installing: /home/anton/git/LoversOfMen/install/perception/share/perception/environment/path.dsv
-- Installing: /home/anton/git/LoversOfMen/install/perception/share/perception/local_setup.bash
-- Installing: /home/anton/git/LoversOfMen/install/perception/share/perception/local_setup.sh
-- Installing: /home/anton/git/LoversOfMen/install/perception/share/perception/local_setup.zsh
-- Installing: /home/anton/git/LoversOfMen/install/perception/share/perception/local_setup.dsv
-- Installing: /home/anton/git/LoversOfMen/install/perception/share/perception/package.dsv
-- Installing: /home/anton/git/LoversOfMen/install/perception/share/ament_index/resource_index/packages/perception
-- Installing: /home/anton/git/LoversOfMen/install/perception/share/perception/cmake/perceptionConfig.cmake
-- Installing: /home/anton/git/LoversOfMen/install/perception/share/perception/cmake/perceptionConfig-version.cmake
-- Installing: /home/anton/git/LoversOfMen/install/perception/share/perception/package.xml
