[0.008s] Invoking command in '/home/anton/git/LoversOfMen/build/perception': /usr/bin/cmake /home/anton/git/LoversOfMen/Perception -DCMAKE_INSTALL_PREFIX=/home/anton/git/LoversOfMen/install/perception
[0.018s] -- Found ament_cmake: 1.3.11 (/opt/ros/humble/share/ament_cmake/cmake)
[0.124s] -- Found rclcpp: 16.0.12 (/opt/ros/humble/share/rclcpp/cmake)
[0.149s] -- Found rosidl_generator_c: 3.1.6 (/opt/ros/humble/share/rosidl_generator_c/cmake)
[0.151s] -- Found rosidl_adapter: 3.1.6 (/opt/ros/humble/share/rosidl_adapter/cmake)
[0.156s] -- Found rosidl_generator_cpp: 3.1.6 (/opt/ros/humble/share/rosidl_generator_cpp/cmake)
[0.164s] -- Using all available rosidl_typesupport_c: rosidl_typesupport_fastrtps_c;rosidl_typesupport_introspection_c
[0.173s] -- Using all available rosidl_typesupport_cpp: rosidl_typesupport_fastrtps_cpp;rosidl_typesupport_introspection_cpp
[0.199s] -- Found rmw_implementation_cmake: 6.1.2 (/opt/ros/humble/share/rmw_implementation_cmake/cmake)
[0.200s] -- Found rmw_fastrtps_cpp: 6.2.7 (/opt/ros/humble/share/rmw_fastrtps_cpp/cmake)
[0.280s] -- Using RMW implementation 'rmw_fastrtps_cpp' as default
[0.319s] -- Found sensor_msgs: 4.8.0 (/opt/ros/humble/share/sensor_msgs/cmake)
[0.344s] -- Found cv_bridge: 3.2.1 (/opt/ros/humble/share/cv_bridge/cmake)
[0.407s] -- Configuring done
[0.418s] -- Generating done
[0.422s] -- Build files have been written to: /home/anton/git/LoversOfMen/build/perception
[0.428s] Invoked command in '/home/anton/git/LoversOfMen/build/perception' returned '0': /usr/bin/cmake /home/anton/git/LoversOfMen/Perception -DCMAKE_INSTALL_PREFIX=/home/anton/git/LoversOfMen/install/perception
[0.430s] Invoking command in '/home/anton/git/LoversOfMen/build/perception': /usr/bin/cmake --build /home/anton/git/LoversOfMen/build/perception -- -j8 -l8
[0.469s] [ 50%] [32mBuilding CXX object CMakeFiles/find_block_coordinates.dir/src/findBlockCoordinates.cpp.o[0m
[8.321s] [100%] [32m[1mLinking CXX executable find_block_coordinates[0m
[9.991s] [100%] Built target find_block_coordinates
[10.000s] Invoked command in '/home/anton/git/LoversOfMen/build/perception' returned '0': /usr/bin/cmake --build /home/anton/git/LoversOfMen/build/perception -- -j8 -l8
[10.007s] Invoking command in '/home/anton/git/LoversOfMen/build/perception': /usr/bin/cmake --install /home/anton/git/LoversOfMen/build/perception
[10.013s] -- Install configuration: ""
[10.013s] -- Installing: /home/anton/git/LoversOfMen/install/perception/lib/perception/find_block_coordinates
[10.015s] -- Set runtime path of "/home/anton/git/LoversOfMen/install/perception/lib/perception/find_block_coordinates" to ""
[10.015s] -- Installing: /home/anton/git/LoversOfMen/install/perception/share/ament_index/resource_index/package_run_dependencies/perception
[10.015s] -- Installing: /home/anton/git/LoversOfMen/install/perception/share/ament_index/resource_index/parent_prefix_path/perception
[10.015s] -- Installing: /home/anton/git/LoversOfMen/install/perception/share/perception/environment/ament_prefix_path.sh
[10.015s] -- Installing: /home/anton/git/LoversOfMen/install/perception/share/perception/environment/ament_prefix_path.dsv
[10.016s] -- Installing: /home/anton/git/LoversOfMen/install/perception/share/perception/environment/path.sh
[10.016s] -- Installing: /home/anton/git/LoversOfMen/install/perception/share/perception/environment/path.dsv
[10.016s] -- Installing: /home/anton/git/LoversOfMen/install/perception/share/perception/local_setup.bash
[10.016s] -- Installing: /home/anton/git/LoversOfMen/install/perception/share/perception/local_setup.sh
[10.016s] -- Installing: /home/anton/git/LoversOfMen/install/perception/share/perception/local_setup.zsh
[10.016s] -- Installing: /home/anton/git/LoversOfMen/install/perception/share/perception/local_setup.dsv
[10.016s] -- Installing: /home/anton/git/LoversOfMen/install/perception/share/perception/package.dsv
[10.016s] -- Installing: /home/anton/git/LoversOfMen/install/perception/share/ament_index/resource_index/packages/perception
[10.016s] -- Installing: /home/anton/git/LoversOfMen/install/perception/share/perception/cmake/perceptionConfig.cmake
[10.016s] -- Installing: /home/anton/git/LoversOfMen/install/perception/share/perception/cmake/perceptionConfig-version.cmake
[10.017s] -- Installing: /home/anton/git/LoversOfMen/install/perception/share/perception/package.xml
[10.018s] Invoked command in '/home/anton/git/LoversOfMen/build/perception' returned '0': /usr/bin/cmake --install /home/anton/git/LoversOfMen/build/perception
