[0.115s] DEBUG:colcon:Command line arguments: ['/usr/bin/colcon', 'build', '--packages-select', 'integration']
[0.115s] DEBUG:colcon:Parsed command line arguments: Namespace(log_base=None, log_level=None, verb_name='build', build_base='build', install_base='install', merge_install=False, symlink_install=False, test_result_base=None, continue_on_error=False, executor='parallel', parallel_workers=8, event_handlers=None, ignore_user_meta=False, metas=['./colcon.meta'], base_paths=['.'], packages_ignore=None, packages_ignore_regex=None, paths=None, packages_up_to=None, packages_up_to_regex=None, packages_above=None, packages_above_and_dependencies=None, packages_above_depth=None, packages_select_by_dep=None, packages_skip_by_dep=None, packages_skip_up_to=None, packages_select_build_failed=False, packages_skip_build_finished=False, packages_select_test_failures=False, packages_skip_test_passed=False, packages_select=['integration'], packages_skip=None, packages_select_regex=None, packages_skip_regex=None, packages_start=None, packages_end=None, allow_overriding=[], cmake_args=None, cmake_target=None, cmake_target_skip_unavailable=False, cmake_clean_cache=False, cmake_clean_first=False, cmake_force_configure=False, mixin_files=None, mixin=None, verb_parser=<colcon_mixin.mixin.mixin_argument.MixinArgumentDecorator object at 0x74bea6564a60>, verb_extension=<colcon_core.verb.build.BuildVerb object at 0x74bea65645b0>, main=<bound method BuildVerb.main of <colcon_core.verb.build.BuildVerb object at 0x74bea65645b0>>, mixin_verb=('build',))
[0.259s] Level 1:colcon.colcon_core.package_discovery:discover_packages(colcon_meta) check parameters
[0.259s] Level 1:colcon.colcon_core.package_discovery:discover_packages(recursive) check parameters
[0.259s] Level 1:colcon.colcon_core.package_discovery:discover_packages(ignore) check parameters
[0.259s] Level 1:colcon.colcon_core.package_discovery:discover_packages(path) check parameters
[0.259s] Level 1:colcon.colcon_core.package_discovery:discover_packages(colcon_meta) discover
[0.259s] Level 1:colcon.colcon_core.package_discovery:discover_packages(recursive) discover
[0.259s] INFO:colcon.colcon_core.package_discovery:Crawling recursively for packages in '/home/anton/ros2_ws/src/LoversOfMen'
[0.259s] Level 1:colcon.colcon_core.package_identification:_identify(.) by extensions ['ignore']
[0.260s] Level 1:colcon.colcon_core.package_identification:_identify(.) by extension 'ignore'
[0.260s] Level 1:colcon.colcon_core.package_identification:_identify(.) by extensions ['colcon_pkg']
[0.260s] Level 1:colcon.colcon_core.package_identification:_identify(.) by extension 'colcon_pkg'
[0.260s] Level 1:colcon.colcon_core.package_identification:_identify(.) by extensions ['colcon_meta']
[0.260s] Level 1:colcon.colcon_core.package_identification:_identify(.) by extension 'colcon_meta'
[0.260s] Level 1:colcon.colcon_core.package_identification:_identify(.) by extensions ['cmake', 'python']
[0.260s] Level 1:colcon.colcon_core.package_identification:_identify(.) by extension 'cmake'
[0.260s] Level 1:colcon.colcon_core.package_identification:_identify(.) by extension 'python'
[0.260s] Level 1:colcon.colcon_core.package_identification:_identify(.) by extensions ['python_setup_py']
[0.260s] Level 1:colcon.colcon_core.package_identification:_identify(.) by extension 'python_setup_py'
[0.260s] Level 1:colcon.colcon_core.package_identification:_identify(Perception) by extensions ['ignore']
[0.260s] Level 1:colcon.colcon_core.package_identification:_identify(Perception) by extension 'ignore'
[0.261s] Level 1:colcon.colcon_core.package_identification:_identify(Perception) by extensions ['colcon_pkg']
[0.261s] Level 1:colcon.colcon_core.package_identification:_identify(Perception) by extension 'colcon_pkg'
[0.261s] Level 1:colcon.colcon_core.package_identification:_identify(Perception) by extensions ['colcon_meta']
[0.261s] Level 1:colcon.colcon_core.package_identification:_identify(Perception) by extension 'colcon_meta'
[0.261s] Level 1:colcon.colcon_core.package_identification:_identify(Perception) by extensions ['cmake', 'python']
[0.261s] Level 1:colcon.colcon_core.package_identification:_identify(Perception) by extension 'cmake'
[0.280s] Level 1:colcon.colcon_core.package_identification:_identify(Perception) by extension 'python'
[0.280s] DEBUG:colcon.colcon_core.package_identification:Package 'Perception' with type 'cmake' and name 'perception'
[0.280s] Level 1:colcon.colcon_core.package_identification:_identify(Traj_Control) by extensions ['ignore']
[0.280s] Level 1:colcon.colcon_core.package_identification:_identify(Traj_Control) by extension 'ignore'
[0.280s] Level 1:colcon.colcon_core.package_identification:_identify(Traj_Control) by extensions ['colcon_pkg']
[0.280s] Level 1:colcon.colcon_core.package_identification:_identify(Traj_Control) by extension 'colcon_pkg'
[0.280s] Level 1:colcon.colcon_core.package_identification:_identify(Traj_Control) by extensions ['colcon_meta']
[0.280s] Level 1:colcon.colcon_core.package_identification:_identify(Traj_Control) by extension 'colcon_meta'
[0.281s] Level 1:colcon.colcon_core.package_identification:_identify(Traj_Control) by extensions ['cmake', 'python']
[0.281s] Level 1:colcon.colcon_core.package_identification:_identify(Traj_Control) by extension 'cmake'
[0.281s] Level 1:colcon.colcon_core.package_identification:_identify(Traj_Control) by extension 'python'
[0.281s] Level 1:colcon.colcon_core.package_identification:_identify(Traj_Control) by extensions ['python_setup_py']
[0.281s] Level 1:colcon.colcon_core.package_identification:_identify(Traj_Control) by extension 'python_setup_py'
[0.281s] Level 1:colcon.colcon_core.package_identification:_identify(Traj_Control/mtc) by extensions ['ignore']
[0.281s] Level 1:colcon.colcon_core.package_identification:_identify(Traj_Control/mtc) by extension 'ignore'
[0.281s] Level 1:colcon.colcon_core.package_identification:_identify(Traj_Control/mtc) by extensions ['colcon_pkg']
[0.281s] Level 1:colcon.colcon_core.package_identification:_identify(Traj_Control/mtc) by extension 'colcon_pkg'
[0.281s] Level 1:colcon.colcon_core.package_identification:_identify(Traj_Control/mtc) by extensions ['colcon_meta']
[0.281s] Level 1:colcon.colcon_core.package_identification:_identify(Traj_Control/mtc) by extension 'colcon_meta'
[0.281s] Level 1:colcon.colcon_core.package_identification:_identify(Traj_Control/mtc) by extensions ['cmake', 'python']
[0.281s] Level 1:colcon.colcon_core.package_identification:_identify(Traj_Control/mtc) by extension 'cmake'
[0.282s] Level 1:colcon.colcon_core.package_identification:_identify(Traj_Control/mtc) by extension 'python'
[0.282s] DEBUG:colcon.colcon_core.package_identification:Package 'Traj_Control/mtc' with type 'cmake' and name 'mtc'
[0.282s] Level 1:colcon.colcon_core.package_identification:_identify(Traj_Control/test) by extensions ['ignore']
[0.282s] Level 1:colcon.colcon_core.package_identification:_identify(Traj_Control/test) by extension 'ignore'
[0.282s] Level 1:colcon.colcon_core.package_identification:_identify(Traj_Control/test) by extensions ['colcon_pkg']
[0.282s] Level 1:colcon.colcon_core.package_identification:_identify(Traj_Control/test) by extension 'colcon_pkg'
[0.282s] Level 1:colcon.colcon_core.package_identification:_identify(Traj_Control/test) by extensions ['colcon_meta']
[0.282s] Level 1:colcon.colcon_core.package_identification:_identify(Traj_Control/test) by extension 'colcon_meta'
[0.282s] Level 1:colcon.colcon_core.package_identification:_identify(Traj_Control/test) by extensions ['cmake', 'python']
[0.282s] Level 1:colcon.colcon_core.package_identification:_identify(Traj_Control/test) by extension 'cmake'
[0.283s] Level 1:colcon.colcon_core.package_identification:_identify(Traj_Control/test) by extension 'python'
[0.283s] DEBUG:colcon.colcon_core.package_identification:Package 'Traj_Control/test' with type 'cmake' and name 'test'
[0.283s] Level 1:colcon.colcon_core.package_identification:_identify(Traj_Control/ur3e_rg2_control) by extensions ['ignore']
[0.283s] Level 1:colcon.colcon_core.package_identification:_identify(Traj_Control/ur3e_rg2_control) by extension 'ignore'
[0.283s] Level 1:colcon.colcon_core.package_identification:_identify(Traj_Control/ur3e_rg2_control) by extensions ['colcon_pkg']
[0.283s] Level 1:colcon.colcon_core.package_identification:_identify(Traj_Control/ur3e_rg2_control) by extension 'colcon_pkg'
[0.283s] Level 1:colcon.colcon_core.package_identification:_identify(Traj_Control/ur3e_rg2_control) by extensions ['colcon_meta']
[0.283s] Level 1:colcon.colcon_core.package_identification:_identify(Traj_Control/ur3e_rg2_control) by extension 'colcon_meta'
[0.283s] Level 1:colcon.colcon_core.package_identification:_identify(Traj_Control/ur3e_rg2_control) by extensions ['cmake', 'python']
[0.283s] Level 1:colcon.colcon_core.package_identification:_identify(Traj_Control/ur3e_rg2_control) by extension 'cmake'
[0.284s] Level 1:colcon.colcon_core.package_identification:_identify(Traj_Control/ur3e_rg2_control) by extension 'python'
[0.284s] DEBUG:colcon.colcon_core.package_identification:Package 'Traj_Control/ur3e_rg2_control' with type 'cmake' and name 'ur3e_rg2_control'
[0.284s] Level 1:colcon.colcon_core.package_identification:_identify(Traj_Control/ur3e_rg2_description) by extensions ['ignore']
[0.284s] Level 1:colcon.colcon_core.package_identification:_identify(Traj_Control/ur3e_rg2_description) by extension 'ignore'
[0.284s] Level 1:colcon.colcon_core.package_identification:_identify(Traj_Control/ur3e_rg2_description) by extensions ['colcon_pkg']
[0.284s] Level 1:colcon.colcon_core.package_identification:_identify(Traj_Control/ur3e_rg2_description) by extension 'colcon_pkg'
[0.284s] Level 1:colcon.colcon_core.package_identification:_identify(Traj_Control/ur3e_rg2_description) by extensions ['colcon_meta']
[0.284s] Level 1:colcon.colcon_core.package_identification:_identify(Traj_Control/ur3e_rg2_description) by extension 'colcon_meta'
[0.284s] Level 1:colcon.colcon_core.package_identification:_identify(Traj_Control/ur3e_rg2_description) by extensions ['cmake', 'python']
[0.284s] Level 1:colcon.colcon_core.package_identification:_identify(Traj_Control/ur3e_rg2_description) by extension 'cmake'
[0.284s] Level 1:colcon.colcon_core.package_identification:_identify(Traj_Control/ur3e_rg2_description) by extension 'python'
[0.284s] DEBUG:colcon.colcon_core.package_identification:Package 'Traj_Control/ur3e_rg2_description' with type 'cmake' and name 'ur3e_rg2_description'
[0.285s] Level 1:colcon.colcon_core.package_identification:_identify(Traj_Control/ur3e_rg2_moveit_config) by extensions ['ignore']
[0.285s] Level 1:colcon.colcon_core.package_identification:_identify(Traj_Control/ur3e_rg2_moveit_config) by extension 'ignore'
[0.285s] Level 1:colcon.colcon_core.package_identification:_identify(Traj_Control/ur3e_rg2_moveit_config) by extensions ['colcon_pkg']
[0.285s] Level 1:colcon.colcon_core.package_identification:_identify(Traj_Control/ur3e_rg2_moveit_config) by extension 'colcon_pkg'
[0.285s] Level 1:colcon.colcon_core.package_identification:_identify(Traj_Control/ur3e_rg2_moveit_config) by extensions ['colcon_meta']
[0.285s] Level 1:colcon.colcon_core.package_identification:_identify(Traj_Control/ur3e_rg2_moveit_config) by extension 'colcon_meta'
[0.285s] Level 1:colcon.colcon_core.package_identification:_identify(Traj_Control/ur3e_rg2_moveit_config) by extensions ['cmake', 'python']
[0.285s] Level 1:colcon.colcon_core.package_identification:_identify(Traj_Control/ur3e_rg2_moveit_config) by extension 'cmake'
[0.285s] Level 1:colcon.colcon_core.package_identification:_identify(Traj_Control/ur3e_rg2_moveit_config) by extension 'python'
[0.285s] DEBUG:colcon.colcon_core.package_identification:Package 'Traj_Control/ur3e_rg2_moveit_config' with type 'cmake' and name 'ur3e_rg2_moveit_config'
[0.285s] Level 1:colcon.colcon_core.package_identification:_identify(build) by extensions ['ignore']
[0.285s] Level 1:colcon.colcon_core.package_identification:_identify(build) by extension 'ignore'
[0.285s] Level 1:colcon.colcon_core.package_identification:_identify(build) ignored
[0.286s] Level 1:colcon.colcon_core.package_identification:_identify(custom_msgs) by extensions ['ignore']
[0.286s] Level 1:colcon.colcon_core.package_identification:_identify(custom_msgs) by extension 'ignore'
[0.286s] Level 1:colcon.colcon_core.package_identification:_identify(custom_msgs) by extensions ['colcon_pkg']
[0.286s] Level 1:colcon.colcon_core.package_identification:_identify(custom_msgs) by extension 'colcon_pkg'
[0.286s] Level 1:colcon.colcon_core.package_identification:_identify(custom_msgs) by extensions ['colcon_meta']
[0.286s] Level 1:colcon.colcon_core.package_identification:_identify(custom_msgs) by extension 'colcon_meta'
[0.286s] Level 1:colcon.colcon_core.package_identification:_identify(custom_msgs) by extensions ['cmake', 'python']
[0.286s] Level 1:colcon.colcon_core.package_identification:_identify(custom_msgs) by extension 'cmake'
[0.290s] Level 1:colcon.colcon_core.package_identification:_identify(custom_msgs) by extension 'python'
[0.290s] DEBUG:colcon.colcon_core.package_identification:Package 'custom_msgs' with type 'cmake' and name 'custom_msgs'
[0.290s] Level 1:colcon.colcon_core.package_identification:_identify(install) by extensions ['ignore']
[0.290s] Level 1:colcon.colcon_core.package_identification:_identify(install) by extension 'ignore'
[0.290s] Level 1:colcon.colcon_core.package_identification:_identify(install) ignored
[0.290s] Level 1:colcon.colcon_core.package_identification:_identify(integration) by extensions ['ignore']
[0.290s] Level 1:colcon.colcon_core.package_identification:_identify(integration) by extension 'ignore'
[0.290s] Level 1:colcon.colcon_core.package_identification:_identify(integration) by extensions ['colcon_pkg']
[0.291s] Level 1:colcon.colcon_core.package_identification:_identify(integration) by extension 'colcon_pkg'
[0.291s] Level 1:colcon.colcon_core.package_identification:_identify(integration) by extensions ['colcon_meta']
[0.291s] Level 1:colcon.colcon_core.package_identification:_identify(integration) by extension 'colcon_meta'
[0.291s] Level 1:colcon.colcon_core.package_identification:_identify(integration) by extensions ['cmake', 'python']
[0.291s] Level 1:colcon.colcon_core.package_identification:_identify(integration) by extension 'cmake'
[0.303s] Level 1:colcon.colcon_core.package_identification:_identify(integration) by extension 'python'
[0.303s] DEBUG:colcon.colcon_core.package_identification:Package 'integration' with type 'cmake' and name 'integration'
[0.303s] Level 1:colcon.colcon_core.package_identification:_identify(log) by extensions ['ignore']
[0.304s] Level 1:colcon.colcon_core.package_identification:_identify(log) by extension 'ignore'
[0.304s] Level 1:colcon.colcon_core.package_identification:_identify(log) ignored
[0.304s] Level 1:colcon.colcon_core.package_identification:_identify(rg2_gripper_control) by extensions ['ignore']
[0.304s] Level 1:colcon.colcon_core.package_identification:_identify(rg2_gripper_control) by extension 'ignore'
[0.304s] Level 1:colcon.colcon_core.package_identification:_identify(rg2_gripper_control) by extensions ['colcon_pkg']
[0.304s] Level 1:colcon.colcon_core.package_identification:_identify(rg2_gripper_control) by extension 'colcon_pkg'
[0.304s] Level 1:colcon.colcon_core.package_identification:_identify(rg2_gripper_control) by extensions ['colcon_meta']
[0.304s] Level 1:colcon.colcon_core.package_identification:_identify(rg2_gripper_control) by extension 'colcon_meta'
[0.304s] Level 1:colcon.colcon_core.package_identification:_identify(rg2_gripper_control) by extensions ['cmake', 'python']
[0.304s] Level 1:colcon.colcon_core.package_identification:_identify(rg2_gripper_control) by extension 'cmake'
[0.305s] Level 1:colcon.colcon_core.package_identification:_identify(rg2_gripper_control) by extension 'python'
[0.305s] DEBUG:colcon.colcon_core.package_identification:Package 'rg2_gripper_control' with type 'cmake' and name 'rg2_gripper_control'
[0.305s] Level 1:colcon.colcon_core.package_identification:_identify(ur3-realsense-gui) by extensions ['ignore']
[0.305s] Level 1:colcon.colcon_core.package_identification:_identify(ur3-realsense-gui) by extension 'ignore'
[0.305s] Level 1:colcon.colcon_core.package_identification:_identify(ur3-realsense-gui) by extensions ['colcon_pkg']
[0.305s] Level 1:colcon.colcon_core.package_identification:_identify(ur3-realsense-gui) by extension 'colcon_pkg'
[0.305s] Level 1:colcon.colcon_core.package_identification:_identify(ur3-realsense-gui) by extensions ['colcon_meta']
[0.305s] Level 1:colcon.colcon_core.package_identification:_identify(ur3-realsense-gui) by extension 'colcon_meta'
[0.305s] Level 1:colcon.colcon_core.package_identification:_identify(ur3-realsense-gui) by extensions ['cmake', 'python']
[0.305s] Level 1:colcon.colcon_core.package_identification:_identify(ur3-realsense-gui) by extension 'cmake'
[0.305s] Level 1:colcon.colcon_core.package_identification:_identify(ur3-realsense-gui) by extension 'python'
[0.305s] Level 1:colcon.colcon_core.package_identification:_identify(ur3-realsense-gui) by extensions ['python_setup_py']
[0.305s] Level 1:colcon.colcon_core.package_identification:_identify(ur3-realsense-gui) by extension 'python_setup_py'
[0.305s] Level 1:colcon.colcon_core.package_identification:_identify(ur3-realsense-gui/src) by extensions ['ignore']
[0.305s] Level 1:colcon.colcon_core.package_identification:_identify(ur3-realsense-gui/src) by extension 'ignore'
[0.305s] Level 1:colcon.colcon_core.package_identification:_identify(ur3-realsense-gui/src) by extensions ['colcon_pkg']
[0.305s] Level 1:colcon.colcon_core.package_identification:_identify(ur3-realsense-gui/src) by extension 'colcon_pkg'
[0.305s] Level 1:colcon.colcon_core.package_identification:_identify(ur3-realsense-gui/src) by extensions ['colcon_meta']
[0.305s] Level 1:colcon.colcon_core.package_identification:_identify(ur3-realsense-gui/src) by extension 'colcon_meta'
[0.306s] Level 1:colcon.colcon_core.package_identification:_identify(ur3-realsense-gui/src) by extensions ['cmake', 'python']
[0.306s] Level 1:colcon.colcon_core.package_identification:_identify(ur3-realsense-gui/src) by extension 'cmake'
[0.306s] Level 1:colcon.colcon_core.package_identification:_identify(ur3-realsense-gui/src) by extension 'python'
[0.306s] Level 1:colcon.colcon_core.package_identification:_identify(ur3-realsense-gui/src) by extensions ['python_setup_py']
[0.306s] Level 1:colcon.colcon_core.package_identification:_identify(ur3-realsense-gui/src) by extension 'python_setup_py'
[0.306s] Level 1:colcon.colcon_core.package_identification:_identify(ur3-realsense-gui/src/controllers) by extensions ['ignore']
[0.306s] Level 1:colcon.colcon_core.package_identification:_identify(ur3-realsense-gui/src/controllers) by extension 'ignore'
[0.306s] Level 1:colcon.colcon_core.package_identification:_identify(ur3-realsense-gui/src/controllers) by extensions ['colcon_pkg']
[0.306s] Level 1:colcon.colcon_core.package_identification:_identify(ur3-realsense-gui/src/controllers) by extension 'colcon_pkg'
[0.306s] Level 1:colcon.colcon_core.package_identification:_identify(ur3-realsense-gui/src/controllers) by extensions ['colcon_meta']
[0.306s] Level 1:colcon.colcon_core.package_identification:_identify(ur3-realsense-gui/src/controllers) by extension 'colcon_meta'
[0.306s] Level 1:colcon.colcon_core.package_identification:_identify(ur3-realsense-gui/src/controllers) by extensions ['cmake', 'python']
[0.306s] Level 1:colcon.colcon_core.package_identification:_identify(ur3-realsense-gui/src/controllers) by extension 'cmake'
[0.306s] Level 1:colcon.colcon_core.package_identification:_identify(ur3-realsense-gui/src/controllers) by extension 'python'
[0.306s] Level 1:colcon.colcon_core.package_identification:_identify(ur3-realsense-gui/src/controllers) by extensions ['python_setup_py']
[0.306s] Level 1:colcon.colcon_core.package_identification:_identify(ur3-realsense-gui/src/controllers) by extension 'python_setup_py'
[0.306s] Level 1:colcon.colcon_core.package_identification:_identify(ur3-realsense-gui/src/gui) by extensions ['ignore']
[0.306s] Level 1:colcon.colcon_core.package_identification:_identify(ur3-realsense-gui/src/gui) by extension 'ignore'
[0.306s] Level 1:colcon.colcon_core.package_identification:_identify(ur3-realsense-gui/src/gui) by extensions ['colcon_pkg']
[0.307s] Level 1:colcon.colcon_core.package_identification:_identify(ur3-realsense-gui/src/gui) by extension 'colcon_pkg'
[0.307s] Level 1:colcon.colcon_core.package_identification:_identify(ur3-realsense-gui/src/gui) by extensions ['colcon_meta']
[0.307s] Level 1:colcon.colcon_core.package_identification:_identify(ur3-realsense-gui/src/gui) by extension 'colcon_meta'
[0.307s] Level 1:colcon.colcon_core.package_identification:_identify(ur3-realsense-gui/src/gui) by extensions ['cmake', 'python']
[0.307s] Level 1:colcon.colcon_core.package_identification:_identify(ur3-realsense-gui/src/gui) by extension 'cmake'
[0.307s] Level 1:colcon.colcon_core.package_identification:_identify(ur3-realsense-gui/src/gui) by extension 'python'
[0.307s] Level 1:colcon.colcon_core.package_identification:_identify(ur3-realsense-gui/src/gui) by extensions ['python_setup_py']
[0.307s] Level 1:colcon.colcon_core.package_identification:_identify(ur3-realsense-gui/src/gui) by extension 'python_setup_py'
[0.307s] Level 1:colcon.colcon_core.package_identification:_identify(ur3-realsense-gui/src/gui/__pycache__) by extensions ['ignore']
[0.307s] Level 1:colcon.colcon_core.package_identification:_identify(ur3-realsense-gui/src/gui/__pycache__) by extension 'ignore'
[0.307s] Level 1:colcon.colcon_core.package_identification:_identify(ur3-realsense-gui/src/gui/__pycache__) by extensions ['colcon_pkg']
[0.307s] Level 1:colcon.colcon_core.package_identification:_identify(ur3-realsense-gui/src/gui/__pycache__) by extension 'colcon_pkg'
[0.307s] Level 1:colcon.colcon_core.package_identification:_identify(ur3-realsense-gui/src/gui/__pycache__) by extensions ['colcon_meta']
[0.307s] Level 1:colcon.colcon_core.package_identification:_identify(ur3-realsense-gui/src/gui/__pycache__) by extension 'colcon_meta'
[0.307s] Level 1:colcon.colcon_core.package_identification:_identify(ur3-realsense-gui/src/gui/__pycache__) by extensions ['cmake', 'python']
[0.307s] Level 1:colcon.colcon_core.package_identification:_identify(ur3-realsense-gui/src/gui/__pycache__) by extension 'cmake'
[0.307s] Level 1:colcon.colcon_core.package_identification:_identify(ur3-realsense-gui/src/gui/__pycache__) by extension 'python'
[0.307s] Level 1:colcon.colcon_core.package_identification:_identify(ur3-realsense-gui/src/gui/__pycache__) by extensions ['python_setup_py']
[0.307s] Level 1:colcon.colcon_core.package_identification:_identify(ur3-realsense-gui/src/gui/__pycache__) by extension 'python_setup_py'
[0.308s] Level 1:colcon.colcon_core.package_identification:_identify(ur3-realsense-gui/src/services) by extensions ['ignore']
[0.308s] Level 1:colcon.colcon_core.package_identification:_identify(ur3-realsense-gui/src/services) by extension 'ignore'
[0.308s] Level 1:colcon.colcon_core.package_identification:_identify(ur3-realsense-gui/src/services) by extensions ['colcon_pkg']
[0.308s] Level 1:colcon.colcon_core.package_identification:_identify(ur3-realsense-gui/src/services) by extension 'colcon_pkg'
[0.308s] Level 1:colcon.colcon_core.package_identification:_identify(ur3-realsense-gui/src/services) by extensions ['colcon_meta']
[0.308s] Level 1:colcon.colcon_core.package_identification:_identify(ur3-realsense-gui/src/services) by extension 'colcon_meta'
[0.308s] Level 1:colcon.colcon_core.package_identification:_identify(ur3-realsense-gui/src/services) by extensions ['cmake', 'python']
[0.308s] Level 1:colcon.colcon_core.package_identification:_identify(ur3-realsense-gui/src/services) by extension 'cmake'
[0.308s] Level 1:colcon.colcon_core.package_identification:_identify(ur3-realsense-gui/src/services) by extension 'python'
[0.308s] Level 1:colcon.colcon_core.package_identification:_identify(ur3-realsense-gui/src/services) by extensions ['python_setup_py']
[0.308s] Level 1:colcon.colcon_core.package_identification:_identify(ur3-realsense-gui/src/services) by extension 'python_setup_py'
[0.308s] Level 1:colcon.colcon_core.package_identification:_identify(ur3-realsense-gui/src/utils) by extensions ['ignore']
[0.308s] Level 1:colcon.colcon_core.package_identification:_identify(ur3-realsense-gui/src/utils) by extension 'ignore'
[0.308s] Level 1:colcon.colcon_core.package_identification:_identify(ur3-realsense-gui/src/utils) by extensions ['colcon_pkg']
[0.308s] Level 1:colcon.colcon_core.package_identification:_identify(ur3-realsense-gui/src/utils) by extension 'colcon_pkg'
[0.308s] Level 1:colcon.colcon_core.package_identification:_identify(ur3-realsense-gui/src/utils) by extensions ['colcon_meta']
[0.308s] Level 1:colcon.colcon_core.package_identification:_identify(ur3-realsense-gui/src/utils) by extension 'colcon_meta'
[0.309s] Level 1:colcon.colcon_core.package_identification:_identify(ur3-realsense-gui/src/utils) by extensions ['cmake', 'python']
[0.309s] Level 1:colcon.colcon_core.package_identification:_identify(ur3-realsense-gui/src/utils) by extension 'cmake'
[0.309s] Level 1:colcon.colcon_core.package_identification:_identify(ur3-realsense-gui/src/utils) by extension 'python'
[0.309s] Level 1:colcon.colcon_core.package_identification:_identify(ur3-realsense-gui/src/utils) by extensions ['python_setup_py']
[0.309s] Level 1:colcon.colcon_core.package_identification:_identify(ur3-realsense-gui/src/utils) by extension 'python_setup_py'
[0.309s] Level 1:colcon.colcon_core.package_discovery:discover_packages(recursive) using defaults
[0.309s] Level 1:colcon.colcon_core.package_discovery:discover_packages(ignore) discover
[0.309s] Level 1:colcon.colcon_core.package_discovery:discover_packages(ignore) using defaults
[0.309s] Level 1:colcon.colcon_core.package_discovery:discover_packages(path) discover
[0.309s] Level 1:colcon.colcon_core.package_discovery:discover_packages(path) using defaults
[0.326s] INFO:colcon.colcon_core.package_selection:Skipping not selected package 'custom_msgs' in 'custom_msgs'
[0.326s] INFO:colcon.colcon_core.package_selection:Skipping not selected package 'mtc' in 'Traj_Control/mtc'
[0.326s] INFO:colcon.colcon_core.package_selection:Skipping not selected package 'perception' in 'Perception'
[0.326s] INFO:colcon.colcon_core.package_selection:Skipping not selected package 'rg2_gripper_control' in 'rg2_gripper_control'
[0.326s] INFO:colcon.colcon_core.package_selection:Skipping not selected package 'test' in 'Traj_Control/test'
[0.326s] INFO:colcon.colcon_core.package_selection:Skipping not selected package 'ur3e_rg2_control' in 'Traj_Control/ur3e_rg2_control'
[0.326s] INFO:colcon.colcon_core.package_selection:Skipping not selected package 'ur3e_rg2_description' in 'Traj_Control/ur3e_rg2_description'
[0.326s] INFO:colcon.colcon_core.package_selection:Skipping not selected package 'ur3e_rg2_moveit_config' in 'Traj_Control/ur3e_rg2_moveit_config'
[0.327s] Level 1:colcon.colcon_core.package_discovery:discover_packages(prefix_path) check parameters
[0.327s] Level 1:colcon.colcon_core.package_discovery:discover_packages(prefix_path) discover
[0.327s] DEBUG:colcon.colcon_installed_package_information.package_discovery:Found 1 installed packages in /home/anton/ros2_ws/install
[0.328s] DEBUG:colcon.colcon_installed_package_information.package_discovery:Found 2 installed packages in /home/anton/ros2_ws/src/LoversOfMen/integration/install
[0.328s] DEBUG:colcon.colcon_installed_package_information.package_discovery:Found 0 installed packages in /home/anton/ros2_ws/src/LoversOfMen/install
[0.328s] Level 1:colcon.colcon_core.package_discovery:discover_packages(prefix_path) using defaults
[0.330s] Level 5:colcon.colcon_core.verb:set package 'integration' build argument 'cmake_args' from command line to 'None'
[0.330s] Level 5:colcon.colcon_core.verb:set package 'integration' build argument 'cmake_target' from command line to 'None'
[0.330s] Level 5:colcon.colcon_core.verb:set package 'integration' build argument 'cmake_target_skip_unavailable' from command line to 'False'
[0.330s] Level 5:colcon.colcon_core.verb:set package 'integration' build argument 'cmake_clean_cache' from command line to 'False'
[0.330s] Level 5:colcon.colcon_core.verb:set package 'integration' build argument 'cmake_clean_first' from command line to 'False'
[0.330s] Level 5:colcon.colcon_core.verb:set package 'integration' build argument 'cmake_force_configure' from command line to 'False'
[0.330s] DEBUG:colcon.colcon_core.verb:Building package 'integration' with the following arguments: {'build_base': '/home/anton/ros2_ws/src/LoversOfMen/build/integration', 'cmake_args': None, 'cmake_clean_cache': False, 'cmake_clean_first': False, 'cmake_force_configure': False, 'cmake_target': None, 'cmake_target_skip_unavailable': False, 'install_base': '/home/anton/ros2_ws/src/LoversOfMen/install/integration', 'merge_install': False, 'path': '/home/anton/ros2_ws/src/LoversOfMen/integration', 'symlink_install': False, 'test_result_base': None}
[0.330s] INFO:colcon.colcon_core.executor:Executing jobs using 'parallel' executor
[0.331s] DEBUG:colcon.colcon_parallel_executor.executor.parallel:run_until_complete
[0.331s] INFO:colcon.colcon_cmake.task.cmake.build:Building CMake package in '/home/anton/ros2_ws/src/LoversOfMen/integration'
[0.333s] INFO:colcon.colcon_core.plugin_system:Skipping extension 'colcon_core.shell.bat': Not used on non-Windows systems
[0.333s] INFO:colcon.colcon_core.shell:Skip shell extension 'powershell' for command environment: Not usable outside of PowerShell
[0.333s] DEBUG:colcon.colcon_core.shell:Skip shell extension 'dsv' for command environment
[0.340s] DEBUG:colcon.colcon_core.event_handler.log_command:Invoking command in '/home/anton/ros2_ws/src/LoversOfMen/build/integration': /usr/bin/cmake /home/anton/ros2_ws/src/LoversOfMen/integration -DCMAKE_INSTALL_PREFIX=/home/anton/ros2_ws/src/LoversOfMen/install/integration
[1.503s] DEBUG:colcon.colcon_core.event_handler.log_command:Invoked command in '/home/anton/ros2_ws/src/LoversOfMen/build/integration' returned '0': /usr/bin/cmake /home/anton/ros2_ws/src/LoversOfMen/integration -DCMAKE_INSTALL_PREFIX=/home/anton/ros2_ws/src/LoversOfMen/install/integration
[1.505s] DEBUG:colcon.colcon_core.event_handler.log_command:Invoking command in '/home/anton/ros2_ws/src/LoversOfMen/build/integration': /usr/bin/cmake --build /home/anton/ros2_ws/src/LoversOfMen/build/integration -- -j8 -l8
[5.895s] DEBUG:colcon.colcon_core.event_handler.log_command:Invoked command in '/home/anton/ros2_ws/src/LoversOfMen/build/integration' returned '0': /usr/bin/cmake --build /home/anton/ros2_ws/src/LoversOfMen/build/integration -- -j8 -l8
[5.904s] DEBUG:colcon.colcon_core.event_handler.log_command:Invoking command in '/home/anton/ros2_ws/src/LoversOfMen/build/integration': /usr/bin/cmake --install /home/anton/ros2_ws/src/LoversOfMen/build/integration
[5.914s] Level 1:colcon.colcon_core.environment:create_environment_scripts_only(integration)
[5.915s] DEBUG:colcon.colcon_core.event_handler.log_command:Invoked command in '/home/anton/ros2_ws/src/LoversOfMen/build/integration' returned '0': /usr/bin/cmake --install /home/anton/ros2_ws/src/LoversOfMen/build/integration
[5.917s] Level 1:colcon.colcon_core.environment:checking '/home/anton/ros2_ws/src/LoversOfMen/install/integration' for CMake module files
[5.918s] Level 1:colcon.colcon_core.environment:checking '/home/anton/ros2_ws/src/LoversOfMen/install/integration' for CMake config files
[5.918s] Level 1:colcon.colcon_core.shell:create_environment_hook('integration', 'cmake_prefix_path')
[5.918s] INFO:colcon.colcon_core.shell:Creating environment hook '/home/anton/ros2_ws/src/LoversOfMen/install/integration/share/integration/hook/cmake_prefix_path.ps1'
[5.919s] INFO:colcon.colcon_core.shell:Creating environment descriptor '/home/anton/ros2_ws/src/LoversOfMen/install/integration/share/integration/hook/cmake_prefix_path.dsv'
[5.919s] INFO:colcon.colcon_core.shell:Creating environment hook '/home/anton/ros2_ws/src/LoversOfMen/install/integration/share/integration/hook/cmake_prefix_path.sh'
[5.920s] Level 1:colcon.colcon_core.environment:checking '/home/anton/ros2_ws/src/LoversOfMen/install/integration/lib'
[5.921s] Level 1:colcon.colcon_core.environment:checking '/home/anton/ros2_ws/src/LoversOfMen/install/integration/bin'
[5.921s] Level 1:colcon.colcon_core.environment:checking '/home/anton/ros2_ws/src/LoversOfMen/install/integration/lib/pkgconfig/integration.pc'
[5.922s] Level 1:colcon.colcon_core.environment:checking '/home/anton/ros2_ws/src/LoversOfMen/install/integration/lib/python3.10/site-packages'
[5.922s] Level 1:colcon.colcon_core.environment:checking '/home/anton/ros2_ws/src/LoversOfMen/install/integration/bin'
[5.922s] INFO:colcon.colcon_core.shell:Creating package script '/home/anton/ros2_ws/src/LoversOfMen/install/integration/share/integration/package.ps1'
[5.923s] INFO:colcon.colcon_core.shell:Creating package descriptor '/home/anton/ros2_ws/src/LoversOfMen/install/integration/share/integration/package.dsv'
[5.923s] INFO:colcon.colcon_core.shell:Creating package script '/home/anton/ros2_ws/src/LoversOfMen/install/integration/share/integration/package.sh'
[5.925s] INFO:colcon.colcon_core.shell:Creating package script '/home/anton/ros2_ws/src/LoversOfMen/install/integration/share/integration/package.bash'
[5.925s] INFO:colcon.colcon_core.shell:Creating package script '/home/anton/ros2_ws/src/LoversOfMen/install/integration/share/integration/package.zsh'
[5.926s] Level 1:colcon.colcon_core.environment:create_file_with_runtime_dependencies(/home/anton/ros2_ws/src/LoversOfMen/install/integration/share/colcon-core/packages/integration)
[5.926s] DEBUG:colcon.colcon_parallel_executor.executor.parallel:closing loop
[5.927s] DEBUG:colcon.colcon_parallel_executor.executor.parallel:loop closed
[5.927s] DEBUG:colcon.colcon_parallel_executor.executor.parallel:run_until_complete finished with '0'
[5.927s] DEBUG:colcon.colcon_core.event_reactor:joining thread
[5.931s] INFO:colcon.colcon_core.plugin_system:Skipping extension 'colcon_notification.desktop_notification.terminal_notifier': Not used on non-Darwin systems
[5.931s] INFO:colcon.colcon_core.plugin_system:Skipping extension 'colcon_notification.desktop_notification.win32': Not used on non-Windows systems
[5.931s] INFO:colcon.colcon_notification.desktop_notification:Sending desktop notification using 'notify2'
[5.948s] DEBUG:colcon.colcon_core.event_reactor:joined thread
[5.948s] INFO:colcon.colcon_core.shell:Creating prefix script '/home/anton/ros2_ws/src/LoversOfMen/install/local_setup.ps1'
[5.950s] INFO:colcon.colcon_core.shell:Creating prefix util module '/home/anton/ros2_ws/src/LoversOfMen/install/_local_setup_util_ps1.py'
[5.952s] INFO:colcon.colcon_core.shell:Creating prefix chain script '/home/anton/ros2_ws/src/LoversOfMen/install/setup.ps1'
[5.954s] INFO:colcon.colcon_core.shell:Creating prefix script '/home/anton/ros2_ws/src/LoversOfMen/install/local_setup.sh'
[5.954s] INFO:colcon.colcon_core.shell:Creating prefix util module '/home/anton/ros2_ws/src/LoversOfMen/install/_local_setup_util_sh.py'
[5.955s] INFO:colcon.colcon_core.shell:Creating prefix chain script '/home/anton/ros2_ws/src/LoversOfMen/install/setup.sh'
[5.956s] INFO:colcon.colcon_core.shell:Creating prefix script '/home/anton/ros2_ws/src/LoversOfMen/install/local_setup.bash'
[5.956s] INFO:colcon.colcon_core.shell:Creating prefix chain script '/home/anton/ros2_ws/src/LoversOfMen/install/setup.bash'
[5.957s] INFO:colcon.colcon_core.shell:Creating prefix script '/home/anton/ros2_ws/src/LoversOfMen/install/local_setup.zsh'
[5.957s] INFO:colcon.colcon_core.shell:Creating prefix chain script '/home/anton/ros2_ws/src/LoversOfMen/install/setup.zsh'
