[0.015s] Invoking command in '/home/anton/ros2_ws/src/LoversOfMen/build/mtc': /usr/bin/cmake /home/anton/ros2_ws/src/LoversOfMen/Traj_Control/mtc -DCMAKE_INSTALL_PREFIX=/home/anton/ros2_ws/src/LoversOfMen/install/mtc
[0.074s] -- The C compiler identification is GNU 11.4.0
[0.149s] -- The CXX compiler identification is GNU 11.4.0
[0.157s] -- Detecting C compiler ABI info
[0.236s] -- Detecting C compiler ABI info - done
[0.247s] -- Check for working C compiler: /usr/bin/cc - skipped
[0.247s] -- Detecting C compile features
[0.248s] -- Detecting C compile features - done
[0.252s] -- Detecting CXX compiler ABI info
[0.351s] -- Detecting CXX compiler ABI info - done
[0.363s] -- Check for working CXX compiler: /usr/bin/c++ - skipped
[0.363s] -- Detecting CXX compile features
[0.364s] -- Detecting CXX compile features - done
[0.367s] -- Found ament_cmake: 1.3.11 (/opt/ros/humble/share/ament_cmake/cmake)
[0.566s] -- Found Python3: /usr/bin/python3 (found version "3.10.12") found components: Interpreter 
[0.679s] -- Found rclcpp: 16.0.12 (/opt/ros/humble/share/rclcpp/cmake)
[0.722s] -- Found rosidl_generator_c: 3.1.6 (/opt/ros/humble/share/rosidl_generator_c/cmake)
[0.727s] -- Found rosidl_adapter: 3.1.6 (/opt/ros/humble/share/rosidl_adapter/cmake)
[0.738s] -- Found rosidl_generator_cpp: 3.1.6 (/opt/ros/humble/share/rosidl_generator_cpp/cmake)
[0.756s] -- Using all available rosidl_typesupport_c: rosidl_typesupport_fastrtps_c;rosidl_typesupport_introspection_c
[0.778s] -- Using all available rosidl_typesupport_cpp: rosidl_typesupport_fastrtps_cpp;rosidl_typesupport_introspection_cpp
[0.820s] -- Found rmw_implementation_cmake: 6.1.2 (/opt/ros/humble/share/rmw_implementation_cmake/cmake)
[0.822s] -- Found rmw_fastrtps_cpp: 6.2.7 (/opt/ros/humble/share/rmw_fastrtps_cpp/cmake)
[0.893s] -- Found OpenSSL: /usr/lib/x86_64-linux-gnu/libcrypto.so (found version "3.0.2")  
[0.917s] -- Found FastRTPS: /opt/ros/humble/include  
[0.954s] -- Using RMW implementation 'rmw_fastrtps_cpp' as default
[0.959s] -- Looking for pthread.h
[1.018s] -- Looking for pthread.h - found
[1.018s] -- Performing Test CMAKE_HAVE_LIBC_PTHREAD
[1.077s] -- Performing Test CMAKE_HAVE_LIBC_PTHREAD - Success
[1.078s] -- Found Threads: TRUE  
[1.120s] -- Found trajectory_msgs: 4.8.0 (/opt/ros/humble/share/trajectory_msgs/cmake)
[1.154s] [31mCMake Error at CMakeLists.txt:13 (find_package):
[1.154s]   By not providing "Findmoveit_core.cmake" in CMAKE_MODULE_PATH this project
[1.154s]   has asked CMake to find a package configuration file provided by
[1.154s]   "moveit_core", but CMake did not find one.
[1.154s] 
[1.154s]   Could not find a package configuration file provided by "moveit_core" with
[1.154s]   any of the following names:
[1.154s] 
[1.155s]     moveit_coreConfig.cmake
[1.155s]     moveit_core-config.cmake
[1.155s] 
[1.155s]   Add the installation prefix of "moveit_core" to CMAKE_PREFIX_PATH or set
[1.155s]   "moveit_core_DIR" to a directory containing one of the above files.  If
[1.155s]   "moveit_core" provides a separate development package or SDK, be sure it
[1.155s]   has been installed.
[1.155s] 
[1.155s] [0m
[1.155s] -- Configuring incomplete, errors occurred!
[1.155s] See also "/home/anton/ros2_ws/src/LoversOfMen/build/mtc/CMakeFiles/CMakeOutput.log".
