[0.008s] Invoking command in '/home/anton/git/LoversOfMen/Perception/build/perception': /usr/bin/cmake /home/anton/git/LoversOfMen/Perception -DCMAKE_BUILD_TYPE=Debug -DCMAKE_INSTALL_PREFIX=/home/anton/git/LoversOfMen/Perception/install/perception
[0.018s] -- Found ament_cmake: 1.3.11 (/opt/ros/humble/share/ament_cmake/cmake)
[0.137s] -- Found rclcpp: 16.0.12 (/opt/ros/humble/share/rclcpp/cmake)
[0.163s] -- Found rosidl_generator_c: 3.1.6 (/opt/ros/humble/share/rosidl_generator_c/cmake)
[0.165s] -- Found rosidl_adapter: 3.1.6 (/opt/ros/humble/share/rosidl_adapter/cmake)
[0.170s] -- Found rosidl_generator_cpp: 3.1.6 (/opt/ros/humble/share/rosidl_generator_cpp/cmake)
[0.178s] -- Using all available rosidl_typesupport_c: rosidl_typesupport_fastrtps_c;rosidl_typesupport_introspection_c
[0.188s] -- Using all available rosidl_typesupport_cpp: rosidl_typesupport_fastrtps_cpp;rosidl_typesupport_introspection_cpp
[0.221s] -- Found rmw_implementation_cmake: 6.1.2 (/opt/ros/humble/share/rmw_implementation_cmake/cmake)
[0.223s] -- Found rmw_fastrtps_cpp: 6.2.7 (/opt/ros/humble/share/rmw_fastrtps_cpp/cmake)
[0.305s] -- Using RMW implementation 'rmw_fastrtps_cpp' as default
[0.359s] -- Found sensor_msgs: 4.8.0 (/opt/ros/humble/share/sensor_msgs/cmake)
[0.384s] -- Found cv_bridge: 3.2.1 (/opt/ros/humble/share/cv_bridge/cmake)
[0.391s] -- Found image_transport: 3.1.11 (/opt/ros/humble/share/image_transport/cmake)
[0.413s] -- Found rosidl_default_generators: 1.2.0 (/opt/ros/humble/share/rosidl_default_generators/cmake)
[0.654s] -- Found ament_cmake_ros: 0.10.0 (/opt/ros/humble/share/ament_cmake_ros/cmake)
[0.937s] -- Using all available rosidl_typesupport_c: rosidl_typesupport_fastrtps_c;rosidl_typesupport_introspection_c
[1.048s] -- Using all available rosidl_typesupport_cpp: rosidl_typesupport_fastrtps_cpp;rosidl_typesupport_introspection_cpp
[1.068s] -- Found PythonInterp: /usr/bin/python3 (found suitable version "3.10.12", minimum required is "3.6") 
[1.069s] -- Found python_cmake_module: 0.10.0 (/opt/ros/humble/share/python_cmake_module/cmake)
[1.091s] -- Found PythonLibs: /usr/lib/x86_64-linux-gnu/libpython3.10.so (found suitable version "3.10.12", minimum required is "3.5") 
[1.091s] -- Using PYTHON_EXECUTABLE: /usr/bin/python3
[1.091s] -- Using PYTHON_INCLUDE_DIRS: /usr/include/python3.10
[1.091s] -- Using PYTHON_LIBRARIES: /usr/lib/x86_64-linux-gnu/libpython3.10.so
[1.113s] -- Found PythonExtra: .so  
[1.152s] -- Configuring done
[1.173s] [0mCMake Error: Cannot determine link language for target "perception__rosidl_generator_c".[0m
[1.173s] [0mCMake Error: CMake can not determine linker language for target: perception__rosidl_generator_c[0m
[1.176s] [0mCMake Error: Cannot determine link language for target "perception__rosidl_typesupport_introspection_c".[0m
[1.176s] [0mCMake Error: CMake can not determine linker language for target: perception__rosidl_typesupport_introspection_c[0m
[1.180s] [0mCMake Error: Cannot determine link language for target "perception__rosidl_generator_py".[0m
[1.180s] [0mCMake Error: CMake can not determine linker language for target: perception__rosidl_generator_py[0m
[1.180s] [0mCMake Error: Cannot determine link language for target "perception__rosidl_typesupport_fastrtps_c__pyext".[0m
[1.180s] [0mCMake Error: CMake can not determine linker language for target: perception__rosidl_typesupport_fastrtps_c__pyext[0m
[1.181s] [0mCMake Error: Cannot determine link language for target "perception__rosidl_typesupport_introspection_c__pyext".[0m
[1.181s] [0mCMake Error: CMake can not determine linker language for target: perception__rosidl_typesupport_introspection_c__pyext[0m
[1.181s] [0mCMake Error: Cannot determine link language for target "perception__rosidl_typesupport_c__pyext".[0m
[1.181s] [0mCMake Error: CMake can not determine linker language for target: perception__rosidl_typesupport_c__pyext[0m
[1.182s] [31mCMake Error in CMakeLists.txt:
[1.182s]   Exporting the target "perception__rosidl_generator_c" is not allowed since
[1.182s]   its linker language cannot be determined
[1.182s] 
[1.182s] [0m
[1.183s] [31mCMake Error in CMakeLists.txt:
[1.183s]   Exporting the target "perception__rosidl_typesupport_introspection_c" is
[1.183s]   not allowed since its linker language cannot be determined
[1.183s] 
[1.183s] [0m
[1.183s] [31mCMake Error in CMakeLists.txt:
[1.183s]   Exporting the target "perception__rosidl_generator_py" is not allowed since
[1.183s]   its linker language cannot be determined
[1.184s] 
[1.184s] [0m
[1.185s] -- Generating done
[1.187s] [0mCMake Generate step failed.  Build files cannot be regenerated correctly.[0m
[1.195s] Invoked command in '/home/anton/git/LoversOfMen/Perception/build/perception' returned '1': /usr/bin/cmake /home/anton/git/LoversOfMen/Perception -DCMAKE_BUILD_TYPE=Debug -DCMAKE_INSTALL_PREFIX=/home/anton/git/LoversOfMen/Perception/install/perception
