[0.008s] Invoking command in '/home/anton/git/LoversOfMen/Perception/build/perception': /usr/bin/cmake /home/anton/git/LoversOfMen/Perception -DCMAKE_BUILD_TYPE=Debug -DCMAKE_INSTALL_PREFIX=/home/anton/git/LoversOfMen/Perception/install/perception
[0.019s] -- Found ament_cmake: 1.3.11 (/opt/ros/humble/share/ament_cmake/cmake)
[0.151s] -- Found rclcpp: 16.0.12 (/opt/ros/humble/share/rclcpp/cmake)
[0.181s] -- Found rosidl_generator_c: 3.1.6 (/opt/ros/humble/share/rosidl_generator_c/cmake)
[0.183s] -- Found rosidl_adapter: 3.1.6 (/opt/ros/humble/share/rosidl_adapter/cmake)
[0.188s] -- Found rosidl_generator_cpp: 3.1.6 (/opt/ros/humble/share/rosidl_generator_cpp/cmake)
[0.197s] -- Using all available rosidl_typesupport_c: rosidl_typesupport_fastrtps_c;rosidl_typesupport_introspection_c
[0.208s] -- Using all available rosidl_typesupport_cpp: rosidl_typesupport_fastrtps_cpp;rosidl_typesupport_introspection_cpp
[0.244s] -- Found rmw_implementation_cmake: 6.1.2 (/opt/ros/humble/share/rmw_implementation_cmake/cmake)
[0.246s] -- Found rmw_fastrtps_cpp: 6.2.7 (/opt/ros/humble/share/rmw_fastrtps_cpp/cmake)
[0.336s] -- Using RMW implementation 'rmw_fastrtps_cpp' as default
[0.387s] -- Found sensor_msgs: 4.8.0 (/opt/ros/humble/share/sensor_msgs/cmake)
[0.423s] -- Found cv_bridge: 3.2.1 (/opt/ros/humble/share/cv_bridge/cmake)
[0.433s] -- Found image_transport: 3.1.11 (/opt/ros/humble/share/image_transport/cmake)
[0.454s] -- Found rosidl_default_generators: 1.2.0 (/opt/ros/humble/share/rosidl_default_generators/cmake)
[0.640s] [31mCMake Error at /opt/ros/humble/share/rosidl_cmake/cmake/rosidl_generate_interfaces.cmake:229 (message):
[0.640s]   Packages installing interfaces must include
[0.640s]   '<member_of_group>rosidl_interface_packages</member_of_group>' in their
[0.640s]   package.xml
[0.640s] Call Stack (most recent call first):
[0.640s]   CMakeLists.txt:71 (rosidl_generate_interfaces)
[0.640s] 
[0.640s] [0m
[0.640s] -- Configuring incomplete, errors occurred!
[0.640s] See also "/home/anton/git/LoversOfMen/Perception/build/perception/CMakeFiles/CMakeOutput.log".
[0.649s] Invoked command in '/home/anton/git/LoversOfMen/Perception/build/perception' returned '1': /usr/bin/cmake /home/anton/git/LoversOfMen/Perception -DCMAKE_BUILD_TYPE=Debug -DCMAKE_INSTALL_PREFIX=/home/anton/git/LoversOfMen/Perception/install/perception
