[0.008s] Invoking command in '/home/anton/ros2_ws/src/LoversOfMen/build/integration': /usr/bin/cmake /home/anton/ros2_ws/src/LoversOfMen/integration -DCMAKE_INSTALL_PREFIX=/home/anton/ros2_ws/src/LoversOfMen/install/integration
[0.064s] -- The C compiler identification is GNU 11.4.0
[0.118s] -- The CXX compiler identification is GNU 11.4.0
[0.125s] -- Detecting C compiler ABI info
[0.183s] -- Detecting C compiler ABI info - done
[0.190s] -- Check for working C compiler: /usr/bin/cc - skipped
[0.190s] -- Detecting C compile features
[0.190s] -- Detecting C compile features - done
[0.193s] -- Detecting CXX compiler ABI info
[0.265s] -- Detecting CXX compiler ABI info - done
[0.272s] -- Check for working CXX compiler: /usr/bin/c++ - skipped
[0.272s] -- Detecting CXX compile features
[0.272s] -- Detecting CXX compile features - done
[0.274s] -- Found ament_cmake: 1.3.11 (/opt/ros/humble/share/ament_cmake/cmake)
[0.417s] -- Found Python3: /usr/bin/python3 (found version "3.10.12") found components: Interpreter 
[0.503s] -- Found rclcpp: 16.0.12 (/opt/ros/humble/share/rclcpp/cmake)
[0.543s] -- Found rosidl_generator_c: 3.1.6 (/opt/ros/humble/share/rosidl_generator_c/cmake)
[0.548s] -- Found rosidl_adapter: 3.1.6 (/opt/ros/humble/share/rosidl_adapter/cmake)
[0.555s] -- Found rosidl_generator_cpp: 3.1.6 (/opt/ros/humble/share/rosidl_generator_cpp/cmake)
[0.566s] -- Using all available rosidl_typesupport_c: rosidl_typesupport_fastrtps_c;rosidl_typesupport_introspection_c
[0.579s] -- Using all available rosidl_typesupport_cpp: rosidl_typesupport_fastrtps_cpp;rosidl_typesupport_introspection_cpp
[0.623s] -- Found rmw_implementation_cmake: 6.1.2 (/opt/ros/humble/share/rmw_implementation_cmake/cmake)
[0.623s] -- Found rmw_fastrtps_cpp: 6.2.7 (/opt/ros/humble/share/rmw_fastrtps_cpp/cmake)
[0.697s] -- Found OpenSSL: /usr/lib/x86_64-linux-gnu/libcrypto.so (found version "3.0.2")  
[0.724s] -- Found FastRTPS: /opt/ros/humble/include  
[0.761s] -- Using RMW implementation 'rmw_fastrtps_cpp' as default
[0.769s] -- Looking for pthread.h
[0.834s] -- Looking for pthread.h - found
[0.835s] -- Performing Test CMAKE_HAVE_LIBC_PTHREAD
[0.901s] -- Performing Test CMAKE_HAVE_LIBC_PTHREAD - Success
[0.902s] -- Found Threads: TRUE  
[0.958s] -- Found geometry_msgs: 4.8.0 (/opt/ros/humble/share/geometry_msgs/cmake)
[0.972s] -- Found ament_lint_auto: 0.12.12 (/opt/ros/humble/share/ament_lint_auto/cmake)
[1.087s] -- Added test 'cppcheck' to perform static code analysis on C / C++ code
[1.087s] -- Configured cppcheck include dirs: 
[1.087s] -- Configured cppcheck exclude dirs and/or files: 
[1.092s] -- Added test 'flake8' to check Python code syntax and style conventions
[1.101s] -- Added test 'lint_cmake' to check CMake code style
[1.106s] -- Added test 'pep257' to check Python code against some of the docstring style conventions in PEP 257
[1.144s] -- Added test 'uncrustify' to check C / C++ code style
[1.144s] -- Configured uncrustify additional arguments: 
[1.151s] -- Added test 'xmllint' to check XML markup files
[1.152s] -- Configuring done
[1.160s] -- Generating done
[1.163s] -- Build files have been written to: /home/anton/ros2_ws/src/LoversOfMen/build/integration
[1.172s] Invoked command in '/home/anton/ros2_ws/src/LoversOfMen/build/integration' returned '0': /usr/bin/cmake /home/anton/ros2_ws/src/LoversOfMen/integration -DCMAKE_INSTALL_PREFIX=/home/anton/ros2_ws/src/LoversOfMen/install/integration
[1.173s] Invoking command in '/home/anton/ros2_ws/src/LoversOfMen/build/integration': /usr/bin/cmake --build /home/anton/ros2_ws/src/LoversOfMen/build/integration -- -j8 -l8
[1.217s] [ 50%] [32mBuilding CXX object CMakeFiles/coordinates_publisher.dir/src/coordinates_publisher.cpp.o[0m
[5.370s] [100%] [32m[1mLinking CXX executable coordinates_publisher[0m
[5.554s] [100%] Built target coordinates_publisher
[5.563s] Invoked command in '/home/anton/ros2_ws/src/LoversOfMen/build/integration' returned '0': /usr/bin/cmake --build /home/anton/ros2_ws/src/LoversOfMen/build/integration -- -j8 -l8
[5.572s] Invoking command in '/home/anton/ros2_ws/src/LoversOfMen/build/integration': /usr/bin/cmake --install /home/anton/ros2_ws/src/LoversOfMen/build/integration
[5.578s] -- Install configuration: ""
[5.578s] -- Installing: /home/anton/ros2_ws/src/LoversOfMen/install/integration/lib/integration/coordinates_publisher
[5.579s] -- Set runtime path of "/home/anton/ros2_ws/src/LoversOfMen/install/integration/lib/integration/coordinates_publisher" to ""
[5.579s] -- Installing: /home/anton/ros2_ws/src/LoversOfMen/install/integration/share/ament_index/resource_index/package_run_dependencies/integration
[5.579s] -- Installing: /home/anton/ros2_ws/src/LoversOfMen/install/integration/share/ament_index/resource_index/parent_prefix_path/integration
[5.579s] -- Installing: /home/anton/ros2_ws/src/LoversOfMen/install/integration/share/integration/environment/ament_prefix_path.sh
[5.579s] -- Installing: /home/anton/ros2_ws/src/LoversOfMen/install/integration/share/integration/environment/ament_prefix_path.dsv
[5.580s] -- Installing: /home/anton/ros2_ws/src/LoversOfMen/install/integration/share/integration/environment/path.sh
[5.580s] -- Installing: /home/anton/ros2_ws/src/LoversOfMen/install/integration/share/integration/environment/path.dsv
[5.580s] -- Installing: /home/anton/ros2_ws/src/LoversOfMen/install/integration/share/integration/local_setup.bash
[5.580s] -- Installing: /home/anton/ros2_ws/src/LoversOfMen/install/integration/share/integration/local_setup.sh
[5.580s] -- Installing: /home/anton/ros2_ws/src/LoversOfMen/install/integration/share/integration/local_setup.zsh
[5.580s] -- Installing: /home/anton/ros2_ws/src/LoversOfMen/install/integration/share/integration/local_setup.dsv
[5.580s] -- Installing: /home/anton/ros2_ws/src/LoversOfMen/install/integration/share/integration/package.dsv
[5.580s] -- Installing: /home/anton/ros2_ws/src/LoversOfMen/install/integration/share/ament_index/resource_index/packages/integration
[5.581s] -- Installing: /home/anton/ros2_ws/src/LoversOfMen/install/integration/share/integration/cmake/integrationConfig.cmake
[5.581s] -- Installing: /home/anton/ros2_ws/src/LoversOfMen/install/integration/share/integration/cmake/integrationConfig-version.cmake
[5.581s] -- Installing: /home/anton/ros2_ws/src/LoversOfMen/install/integration/share/integration/package.xml
[5.583s] Invoked command in '/home/anton/ros2_ws/src/LoversOfMen/build/integration' returned '0': /usr/bin/cmake --install /home/anton/ros2_ws/src/LoversOfMen/build/integration
