[0.088s] DEBUG:colcon:Command line arguments: ['/usr/bin/colcon', 'build', '--packages-select', 'perception']
[0.088s] DEBUG:colcon:Parsed command line arguments: Namespace(log_base=None, log_level=None, verb_name='build', build_base='build', install_base='install', merge_install=False, symlink_install=False, test_result_base=None, continue_on_error=False, executor='parallel', parallel_workers=8, event_handlers=None, ignore_user_meta=False, metas=['./colcon.meta'], base_paths=['.'], packages_ignore=None, packages_ignore_regex=None, paths=None, packages_up_to=None, packages_up_to_regex=None, packages_above=None, packages_above_and_dependencies=None, packages_above_depth=None, packages_select_by_dep=None, packages_skip_by_dep=None, packages_skip_up_to=None, packages_select_build_failed=False, packages_skip_build_finished=False, packages_select_test_failures=False, packages_skip_test_passed=False, packages_select=['perception'], packages_skip=None, packages_select_regex=None, packages_skip_regex=None, packages_start=None, packages_end=None, allow_overriding=[], cmake_args=None, cmake_target=None, cmake_target_skip_unavailable=False, cmake_clean_cache=False, cmake_clean_first=False, cmake_force_configure=False, mixin_files=None, mixin=None, verb_parser=<colcon_mixin.mixin.mixin_argument.MixinArgumentDecorator object at 0x78ac65564730>, verb_extension=<colcon_core.verb.build.BuildVerb object at 0x78ac65564280>, main=<bound method BuildVerb.main of <colcon_core.verb.build.BuildVerb object at 0x78ac65564280>>, mixin_verb=('build',))
[0.221s] Level 1:colcon.colcon_core.package_discovery:discover_packages(colcon_meta) check parameters
[0.221s] Level 1:colcon.colcon_core.package_discovery:discover_packages(recursive) check parameters
[0.222s] Level 1:colcon.colcon_core.package_discovery:discover_packages(ignore) check parameters
[0.222s] Level 1:colcon.colcon_core.package_discovery:discover_packages(path) check parameters
[0.222s] Level 1:colcon.colcon_core.package_discovery:discover_packages(colcon_meta) discover
[0.222s] Level 1:colcon.colcon_core.package_discovery:discover_packages(recursive) discover
[0.222s] INFO:colcon.colcon_core.package_discovery:Crawling recursively for packages in '/home/anton/git/LoversOfMen'
[0.222s] Level 1:colcon.colcon_core.package_identification:_identify(.) by extensions ['ignore']
[0.222s] Level 1:colcon.colcon_core.package_identification:_identify(.) by extension 'ignore'
[0.222s] Level 1:colcon.colcon_core.package_identification:_identify(.) by extensions ['colcon_pkg']
[0.222s] Level 1:colcon.colcon_core.package_identification:_identify(.) by extension 'colcon_pkg'
[0.222s] Level 1:colcon.colcon_core.package_identification:_identify(.) by extensions ['colcon_meta']
[0.222s] Level 1:colcon.colcon_core.package_identification:_identify(.) by extension 'colcon_meta'
[0.222s] Level 1:colcon.colcon_core.package_identification:_identify(.) by extensions ['cmake', 'python']
[0.222s] Level 1:colcon.colcon_core.package_identification:_identify(.) by extension 'cmake'
[0.222s] Level 1:colcon.colcon_core.package_identification:_identify(.) by extension 'python'
[0.223s] Level 1:colcon.colcon_core.package_identification:_identify(.) by extensions ['python_setup_py']
[0.223s] Level 1:colcon.colcon_core.package_identification:_identify(.) by extension 'python_setup_py'
[0.223s] Level 1:colcon.colcon_core.package_identification:_identify(Perception) by extensions ['ignore']
[0.223s] Level 1:colcon.colcon_core.package_identification:_identify(Perception) by extension 'ignore'
[0.223s] Level 1:colcon.colcon_core.package_identification:_identify(Perception) by extensions ['colcon_pkg']
[0.223s] Level 1:colcon.colcon_core.package_identification:_identify(Perception) by extension 'colcon_pkg'
[0.223s] Level 1:colcon.colcon_core.package_identification:_identify(Perception) by extensions ['colcon_meta']
[0.223s] Level 1:colcon.colcon_core.package_identification:_identify(Perception) by extension 'colcon_meta'
[0.223s] Level 1:colcon.colcon_core.package_identification:_identify(Perception) by extensions ['cmake', 'python']
[0.223s] Level 1:colcon.colcon_core.package_identification:_identify(Perception) by extension 'cmake'
[0.224s] Level 1:colcon.colcon_core.package_identification:_identify(Perception) by extension 'python'
[0.225s] DEBUG:colcon.colcon_core.package_identification:Package 'Perception' with type 'cmake' and name 'perception'
[0.225s] Level 1:colcon.colcon_core.package_identification:_identify(Traj_Control) by extensions ['ignore']
[0.225s] Level 1:colcon.colcon_core.package_identification:_identify(Traj_Control) by extension 'ignore'
[0.225s] Level 1:colcon.colcon_core.package_identification:_identify(Traj_Control) by extensions ['colcon_pkg']
[0.225s] Level 1:colcon.colcon_core.package_identification:_identify(Traj_Control) by extension 'colcon_pkg'
[0.225s] Level 1:colcon.colcon_core.package_identification:_identify(Traj_Control) by extensions ['colcon_meta']
[0.225s] Level 1:colcon.colcon_core.package_identification:_identify(Traj_Control) by extension 'colcon_meta'
[0.225s] Level 1:colcon.colcon_core.package_identification:_identify(Traj_Control) by extensions ['cmake', 'python']
[0.225s] Level 1:colcon.colcon_core.package_identification:_identify(Traj_Control) by extension 'cmake'
[0.225s] Level 1:colcon.colcon_core.package_identification:_identify(Traj_Control) by extension 'python'
[0.225s] Level 1:colcon.colcon_core.package_identification:_identify(Traj_Control) by extensions ['python_setup_py']
[0.225s] Level 1:colcon.colcon_core.package_identification:_identify(Traj_Control) by extension 'python_setup_py'
[0.225s] Level 1:colcon.colcon_core.package_identification:_identify(Traj_Control/mtc) by extensions ['ignore']
[0.225s] Level 1:colcon.colcon_core.package_identification:_identify(Traj_Control/mtc) by extension 'ignore'
[0.225s] Level 1:colcon.colcon_core.package_identification:_identify(Traj_Control/mtc) by extensions ['colcon_pkg']
[0.225s] Level 1:colcon.colcon_core.package_identification:_identify(Traj_Control/mtc) by extension 'colcon_pkg'
[0.225s] Level 1:colcon.colcon_core.package_identification:_identify(Traj_Control/mtc) by extensions ['colcon_meta']
[0.225s] Level 1:colcon.colcon_core.package_identification:_identify(Traj_Control/mtc) by extension 'colcon_meta'
[0.226s] Level 1:colcon.colcon_core.package_identification:_identify(Traj_Control/mtc) by extensions ['cmake', 'python']
[0.226s] Level 1:colcon.colcon_core.package_identification:_identify(Traj_Control/mtc) by extension 'cmake'
[0.226s] Level 1:colcon.colcon_core.package_identification:_identify(Traj_Control/mtc) by extension 'python'
[0.226s] DEBUG:colcon.colcon_core.package_identification:Package 'Traj_Control/mtc' with type 'cmake' and name 'mtc'
[0.226s] Level 1:colcon.colcon_core.package_identification:_identify(Traj_Control/test) by extensions ['ignore']
[0.226s] Level 1:colcon.colcon_core.package_identification:_identify(Traj_Control/test) by extension 'ignore'
[0.226s] Level 1:colcon.colcon_core.package_identification:_identify(Traj_Control/test) by extensions ['colcon_pkg']
[0.226s] Level 1:colcon.colcon_core.package_identification:_identify(Traj_Control/test) by extension 'colcon_pkg'
[0.226s] Level 1:colcon.colcon_core.package_identification:_identify(Traj_Control/test) by extensions ['colcon_meta']
[0.226s] Level 1:colcon.colcon_core.package_identification:_identify(Traj_Control/test) by extension 'colcon_meta'
[0.226s] Level 1:colcon.colcon_core.package_identification:_identify(Traj_Control/test) by extensions ['cmake', 'python']
[0.226s] Level 1:colcon.colcon_core.package_identification:_identify(Traj_Control/test) by extension 'cmake'
[0.227s] Level 1:colcon.colcon_core.package_identification:_identify(Traj_Control/test) by extension 'python'
[0.227s] DEBUG:colcon.colcon_core.package_identification:Package 'Traj_Control/test' with type 'cmake' and name 'test'
[0.227s] Level 1:colcon.colcon_core.package_identification:_identify(build) by extensions ['ignore']
[0.227s] Level 1:colcon.colcon_core.package_identification:_identify(build) by extension 'ignore'
[0.227s] Level 1:colcon.colcon_core.package_identification:_identify(build) ignored
[0.227s] Level 1:colcon.colcon_core.package_identification:_identify(install) by extensions ['ignore']
[0.227s] Level 1:colcon.colcon_core.package_identification:_identify(install) by extension 'ignore'
[0.227s] Level 1:colcon.colcon_core.package_identification:_identify(install) ignored
[0.227s] Level 1:colcon.colcon_core.package_identification:_identify(log) by extensions ['ignore']
[0.228s] Level 1:colcon.colcon_core.package_identification:_identify(log) by extension 'ignore'
[0.228s] Level 1:colcon.colcon_core.package_identification:_identify(log) ignored
[0.228s] Level 1:colcon.colcon_core.package_discovery:discover_packages(recursive) using defaults
[0.228s] Level 1:colcon.colcon_core.package_discovery:discover_packages(ignore) discover
[0.228s] Level 1:colcon.colcon_core.package_discovery:discover_packages(ignore) using defaults
[0.228s] Level 1:colcon.colcon_core.package_discovery:discover_packages(path) discover
[0.228s] Level 1:colcon.colcon_core.package_discovery:discover_packages(path) using defaults
[0.244s] INFO:colcon.colcon_core.package_selection:Skipping not selected package 'mtc' in 'Traj_Control/mtc'
[0.244s] INFO:colcon.colcon_core.package_selection:Skipping not selected package 'test' in 'Traj_Control/test'
[0.245s] Level 1:colcon.colcon_core.package_discovery:discover_packages(prefix_path) check parameters
[0.245s] Level 1:colcon.colcon_core.package_discovery:discover_packages(prefix_path) discover
[0.246s] DEBUG:colcon.colcon_installed_package_information.package_discovery:Found 0 installed packages in /home/anton/git/LoversOfMen/install
[0.246s] DEBUG:colcon.colcon_installed_package_information.package_discovery:Found 0 installed packages in /home/anton/ros2_ws/install
[0.246s] Level 1:colcon.colcon_core.package_discovery:discover_packages(prefix_path) using defaults
[0.247s] Level 5:colcon.colcon_core.verb:set package 'perception' build argument 'cmake_args' from command line to 'None'
[0.247s] Level 5:colcon.colcon_core.verb:set package 'perception' build argument 'cmake_target' from command line to 'None'
[0.247s] Level 5:colcon.colcon_core.verb:set package 'perception' build argument 'cmake_target_skip_unavailable' from command line to 'False'
[0.247s] Level 5:colcon.colcon_core.verb:set package 'perception' build argument 'cmake_clean_cache' from command line to 'False'
[0.247s] Level 5:colcon.colcon_core.verb:set package 'perception' build argument 'cmake_clean_first' from command line to 'False'
[0.247s] Level 5:colcon.colcon_core.verb:set package 'perception' build argument 'cmake_force_configure' from command line to 'False'
[0.247s] DEBUG:colcon.colcon_core.verb:Building package 'perception' with the following arguments: {'build_base': '/home/anton/git/LoversOfMen/build/perception', 'cmake_args': None, 'cmake_clean_cache': False, 'cmake_clean_first': False, 'cmake_force_configure': False, 'cmake_target': None, 'cmake_target_skip_unavailable': False, 'install_base': '/home/anton/git/LoversOfMen/install/perception', 'merge_install': False, 'path': '/home/anton/git/LoversOfMen/Perception', 'symlink_install': False, 'test_result_base': None}
[0.247s] INFO:colcon.colcon_core.executor:Executing jobs using 'parallel' executor
[0.248s] DEBUG:colcon.colcon_parallel_executor.executor.parallel:run_until_complete
[0.249s] INFO:colcon.colcon_cmake.task.cmake.build:Building CMake package in '/home/anton/git/LoversOfMen/Perception'
[0.250s] INFO:colcon.colcon_core.plugin_system:Skipping extension 'colcon_core.shell.bat': Not used on non-Windows systems
[0.251s] INFO:colcon.colcon_core.shell:Skip shell extension 'powershell' for command environment: Not usable outside of PowerShell
[0.251s] DEBUG:colcon.colcon_core.shell:Skip shell extension 'dsv' for command environment
[0.256s] DEBUG:colcon.colcon_core.event_handler.log_command:Invoking command in '/home/anton/git/LoversOfMen/build/perception': /usr/bin/cmake /home/anton/git/LoversOfMen/Perception -DCMAKE_INSTALL_PREFIX=/home/anton/git/LoversOfMen/install/perception
[0.649s] DEBUG:colcon.colcon_core.event_handler.log_command:Invoked command in '/home/anton/git/LoversOfMen/build/perception' returned '1': /usr/bin/cmake /home/anton/git/LoversOfMen/Perception -DCMAKE_INSTALL_PREFIX=/home/anton/git/LoversOfMen/install/perception
[0.660s] DEBUG:colcon.colcon_parallel_executor.executor.parallel:closing loop
[0.660s] DEBUG:colcon.colcon_parallel_executor.executor.parallel:loop closed
[0.660s] DEBUG:colcon.colcon_parallel_executor.executor.parallel:run_until_complete finished with '1'
[0.660s] DEBUG:colcon.colcon_core.event_reactor:joining thread
[0.665s] INFO:colcon.colcon_core.plugin_system:Skipping extension 'colcon_notification.desktop_notification.terminal_notifier': Not used on non-Darwin systems
[0.665s] INFO:colcon.colcon_core.plugin_system:Skipping extension 'colcon_notification.desktop_notification.win32': Not used on non-Windows systems
[0.665s] INFO:colcon.colcon_notification.desktop_notification:Sending desktop notification using 'notify2'
[0.676s] DEBUG:colcon.colcon_core.event_reactor:joined thread
[0.677s] INFO:colcon.colcon_core.shell:Creating prefix script '/home/anton/git/LoversOfMen/install/local_setup.ps1'
[0.678s] INFO:colcon.colcon_core.shell:Creating prefix util module '/home/anton/git/LoversOfMen/install/_local_setup_util_ps1.py'
[0.680s] INFO:colcon.colcon_core.shell:Creating prefix chain script '/home/anton/git/LoversOfMen/install/setup.ps1'
[0.681s] INFO:colcon.colcon_core.shell:Creating prefix script '/home/anton/git/LoversOfMen/install/local_setup.sh'
[0.682s] INFO:colcon.colcon_core.shell:Creating prefix util module '/home/anton/git/LoversOfMen/install/_local_setup_util_sh.py'
[0.683s] INFO:colcon.colcon_core.shell:Creating prefix chain script '/home/anton/git/LoversOfMen/install/setup.sh'
[0.684s] INFO:colcon.colcon_core.shell:Creating prefix script '/home/anton/git/LoversOfMen/install/local_setup.bash'
[0.685s] INFO:colcon.colcon_core.shell:Creating prefix chain script '/home/anton/git/LoversOfMen/install/setup.bash'
[0.685s] INFO:colcon.colcon_core.shell:Creating prefix script '/home/anton/git/LoversOfMen/install/local_setup.zsh'
[0.686s] INFO:colcon.colcon_core.shell:Creating prefix chain script '/home/anton/git/LoversOfMen/install/setup.zsh'
