[0.007s] Invoking command in '/home/anton/ros2_ws/src/LoversOfMen/Perception/build/perception': /usr/bin/cmake /home/anton/ros2_ws/src/LoversOfMen/Perception -DCMAKE_BUILD_TYPE=Debug -DCMAKE_INSTALL_PREFIX=/home/anton/ros2_ws/src/LoversOfMen/Perception/install/perception
[0.019s] -- Found ament_cmake: 1.3.11 (/opt/ros/humble/share/ament_cmake/cmake)
[0.139s] -- Found rclcpp: 16.0.12 (/opt/ros/humble/share/rclcpp/cmake)
[0.167s] -- Found rosidl_generator_c: 3.1.6 (/opt/ros/humble/share/rosidl_generator_c/cmake)
[0.169s] -- Found rosidl_adapter: 3.1.6 (/opt/ros/humble/share/rosidl_adapter/cmake)
[0.174s] -- Found rosidl_generator_cpp: 3.1.6 (/opt/ros/humble/share/rosidl_generator_cpp/cmake)
[0.182s] -- Using all available rosidl_typesupport_c: rosidl_typesupport_fastrtps_c;rosidl_typesupport_introspection_c
[0.191s] -- Using all available rosidl_typesupport_cpp: rosidl_typesupport_fastrtps_cpp;rosidl_typesupport_introspection_cpp
[0.224s] -- Found rmw_implementation_cmake: 6.1.2 (/opt/ros/humble/share/rmw_implementation_cmake/cmake)
[0.226s] -- Found rmw_fastrtps_cpp: 6.2.7 (/opt/ros/humble/share/rmw_fastrtps_cpp/cmake)
[0.316s] -- Using RMW implementation 'rmw_fastrtps_cpp' as default
[0.366s] -- Found sensor_msgs: 4.8.0 (/opt/ros/humble/share/sensor_msgs/cmake)
[0.388s] -- Found cv_bridge: 3.2.1 (/opt/ros/humble/share/cv_bridge/cmake)
[0.395s] -- Found image_transport: 3.1.11 (/opt/ros/humble/share/image_transport/cmake)
[0.416s] -- Found rosidl_default_generators: 1.2.0 (/opt/ros/humble/share/rosidl_default_generators/cmake)
[0.659s] -- Found ament_cmake_ros: 0.10.0 (/opt/ros/humble/share/ament_cmake_ros/cmake)
[0.941s] -- Using all available rosidl_typesupport_c: rosidl_typesupport_fastrtps_c;rosidl_typesupport_introspection_c
[1.049s] -- Using all available rosidl_typesupport_cpp: rosidl_typesupport_fastrtps_cpp;rosidl_typesupport_introspection_cpp
[1.079s] -- Found python_cmake_module: 0.10.0 (/opt/ros/humble/share/python_cmake_module/cmake)
[1.107s] -- Using PYTHON_EXECUTABLE: /usr/bin/python3
[1.108s] -- Using PYTHON_INCLUDE_DIRS: /usr/include/python3.10
[1.108s] -- Using PYTHON_LIBRARIES: /usr/lib/x86_64-linux-gnu/libpython3.10.so
[1.131s] -- Configuring done
[1.154s] [0mCMake Error: Cannot determine link language for target "perception__rosidl_generator_c".[0m
[1.154s] [0mCMake Error: CMake can not determine linker language for target: perception__rosidl_generator_c[0m
[1.158s] [0mCMake Error: Cannot determine link language for target "perception__rosidl_typesupport_introspection_c".[0m
[1.158s] [0mCMake Error: CMake can not determine linker language for target: perception__rosidl_typesupport_introspection_c[0m
[1.163s] [0mCMake Error: Cannot determine link language for target "perception__rosidl_generator_py".[0m
[1.163s] [0mCMake Error: CMake can not determine linker language for target: perception__rosidl_generator_py[0m
[1.163s] [0mCMake Error: Cannot determine link language for target "perception__rosidl_typesupport_fastrtps_c__pyext".[0m
[1.163s] [0mCMake Error: CMake can not determine linker language for target: perception__rosidl_typesupport_fastrtps_c__pyext[0m
[1.164s] [0mCMake Error: Cannot determine link language for target "perception__rosidl_typesupport_introspection_c__pyext".[0m
[1.164s] [0mCMake Error: CMake can not determine linker language for target: perception__rosidl_typesupport_introspection_c__pyext[0m
[1.164s] [0mCMake Error: Cannot determine link language for target "perception__rosidl_typesupport_c__pyext".[0m
[1.164s] [0mCMake Error: CMake can not determine linker language for target: perception__rosidl_typesupport_c__pyext[0m
[1.165s] [31mCMake Error in CMakeLists.txt:
[1.165s]   Exporting the target "perception__rosidl_generator_c" is not allowed since
[1.165s]   its linker language cannot be determined
[1.165s] 
[1.165s] [0m
[1.166s] [31mCMake Error in CMakeLists.txt:
[1.166s]   Exporting the target "perception__rosidl_typesupport_introspection_c" is
[1.166s]   not allowed since its linker language cannot be determined
[1.166s] 
[1.166s] [0m
[1.167s] [31mCMake Error in CMakeLists.txt:
[1.167s]   Exporting the target "perception__rosidl_generator_py" is not allowed since
[1.167s]   its linker language cannot be determined
[1.167s] 
[1.167s] [0m
[1.168s] -- Generating done
[1.171s] [0mCMake Generate step failed.  Build files cannot be regenerated correctly.[0m
[1.180s] Invoked command in '/home/anton/ros2_ws/src/LoversOfMen/Perception/build/perception' returned '1': /usr/bin/cmake /home/anton/ros2_ws/src/LoversOfMen/Perception -DCMAKE_BUILD_TYPE=Debug -DCMAKE_INSTALL_PREFIX=/home/anton/ros2_ws/src/LoversOfMen/Perception/install/perception
