[0.009s] Invoking command in '/home/anton/ros2_ws/src/LoversOfMen/integration/build/integration': /usr/bin/cmake /home/anton/ros2_ws/src/LoversOfMen/integration -DCMAKE_INSTALL_PREFIX=/home/anton/ros2_ws/src/LoversOfMen/integration/install/integration
[0.019s] -- Found ament_cmake: 1.3.11 (/opt/ros/humble/share/ament_cmake/cmake)
[0.160s] -- Found rclcpp: 16.0.12 (/opt/ros/humble/share/rclcpp/cmake)
[0.190s] -- Found rosidl_generator_c: 3.1.6 (/opt/ros/humble/share/rosidl_generator_c/cmake)
[0.193s] -- Found rosidl_adapter: 3.1.6 (/opt/ros/humble/share/rosidl_adapter/cmake)
[0.198s] -- Found rosidl_generator_cpp: 3.1.6 (/opt/ros/humble/share/rosidl_generator_cpp/cmake)
[0.207s] -- Using all available rosidl_typesupport_c: rosidl_typesupport_fastrtps_c;rosidl_typesupport_introspection_c
[0.218s] -- Using all available rosidl_typesupport_cpp: rosidl_typesupport_fastrtps_cpp;rosidl_typesupport_introspection_cpp
[0.253s] -- Found rmw_implementation_cmake: 6.1.2 (/opt/ros/humble/share/rmw_implementation_cmake/cmake)
[0.254s] -- Found rmw_fastrtps_cpp: 6.2.7 (/opt/ros/humble/share/rmw_fastrtps_cpp/cmake)
[0.357s] -- Using RMW implementation 'rmw_fastrtps_cpp' as default
[0.426s] [31mCMake Error at CMakeLists.txt:11 (find_package):
[0.426s]   By not providing "Findcustom_msgs.cmake" in CMAKE_MODULE_PATH this project
[0.426s]   has asked CMake to find a package configuration file provided by
[0.426s]   "custom_msgs", but CMake did not find one.
[0.426s] 
[0.426s]   Could not find a package configuration file provided by "custom_msgs" with
[0.427s]   any of the following names:
[0.427s] 
[0.427s]     custom_msgsConfig.cmake
[0.427s]     custom_msgs-config.cmake
[0.427s] 
[0.427s]   Add the installation prefix of "custom_msgs" to CMAKE_PREFIX_PATH or set
[0.427s]   "custom_msgs_DIR" to a directory containing one of the above files.  If
[0.427s]   "custom_msgs" provides a separate development package or SDK, be sure it
[0.427s]   has been installed.
[0.427s] 
[0.427s] [0m
[0.428s] -- Configuring incomplete, errors occurred!
[0.428s] See also "/home/anton/ros2_ws/src/LoversOfMen/integration/build/integration/CMakeFiles/CMakeOutput.log".
[0.435s] Invoked command in '/home/anton/ros2_ws/src/LoversOfMen/integration/build/integration' returned '1': /usr/bin/cmake /home/anton/ros2_ws/src/LoversOfMen/integration -DCMAKE_INSTALL_PREFIX=/home/anton/ros2_ws/src/LoversOfMen/integration/install/integration
