[0.007s] Invoking command in '/home/anton/git/LoversOfMen/Perception/build/perception': /usr/bin/cmake /home/anton/git/LoversOfMen/Perception -DCMAKE_INSTALL_PREFIX=/home/anton/git/LoversOfMen/Perception/install/perception
[0.051s] -- The C compiler identification is GNU 11.4.0
[0.099s] -- The CXX compiler identification is GNU 11.4.0
[0.106s] -- Detecting C compiler ABI info
[0.164s] -- Detecting C compiler ABI info - done
[0.172s] -- Check for working C compiler: /usr/bin/cc - skipped
[0.172s] -- Detecting C compile features
[0.172s] -- Detecting C compile features - done
[0.175s] -- Detecting CXX compiler ABI info
[0.240s] -- Detecting CXX compiler ABI info - done
[0.250s] -- Check for working CXX compiler: /usr/bin/c++ - skipped
[0.250s] -- Detecting CXX compile features
[0.252s] -- Detecting CXX compile features - done
[0.253s] -- Found ament_cmake: 1.3.11 (/opt/ros/humble/share/ament_cmake/cmake)
[0.406s] -- Found Python3: /usr/bin/python3 (found version "3.10.12") found components: Interpreter 
[0.490s] -- Found rclcpp: 16.0.12 (/opt/ros/humble/share/rclcpp/cmake)
[0.524s] -- Found rosidl_generator_c: 3.1.6 (/opt/ros/humble/share/rosidl_generator_c/cmake)
[0.530s] -- Found rosidl_adapter: 3.1.6 (/opt/ros/humble/share/rosidl_adapter/cmake)
[0.540s] -- Found rosidl_generator_cpp: 3.1.6 (/opt/ros/humble/share/rosidl_generator_cpp/cmake)
[0.554s] -- Using all available rosidl_typesupport_c: rosidl_typesupport_fastrtps_c;rosidl_typesupport_introspection_c
[0.567s] -- Using all available rosidl_typesupport_cpp: rosidl_typesupport_fastrtps_cpp;rosidl_typesupport_introspection_cpp
[0.603s] -- Found rmw_implementation_cmake: 6.1.2 (/opt/ros/humble/share/rmw_implementation_cmake/cmake)
[0.605s] -- Found rmw_fastrtps_cpp: 6.2.7 (/opt/ros/humble/share/rmw_fastrtps_cpp/cmake)
[0.672s] -- Found OpenSSL: /usr/lib/x86_64-linux-gnu/libcrypto.so (found version "3.0.2")  
[0.696s] -- Found FastRTPS: /opt/ros/humble/include  
[0.732s] -- Using RMW implementation 'rmw_fastrtps_cpp' as default
[0.741s] -- Looking for pthread.h
[0.803s] -- Looking for pthread.h - found
[0.803s] -- Performing Test CMAKE_HAVE_LIBC_PTHREAD
[0.863s] -- Performing Test CMAKE_HAVE_LIBC_PTHREAD - Success
[0.864s] -- Found Threads: TRUE  
[0.971s] -- Configuring done
[0.978s] -- Generating done
[0.981s] -- Build files have been written to: /home/anton/git/LoversOfMen/Perception/build/perception
[0.990s] Invoked command in '/home/anton/git/LoversOfMen/Perception/build/perception' returned '0': /usr/bin/cmake /home/anton/git/LoversOfMen/Perception -DCMAKE_INSTALL_PREFIX=/home/anton/git/LoversOfMen/Perception/install/perception
[0.992s] Invoking command in '/home/anton/git/LoversOfMen/Perception/build/perception': /usr/bin/cmake --build /home/anton/git/LoversOfMen/Perception/build/perception -- -j8 -l8
[1.036s] [ 50%] [32mBuilding CXX object CMakeFiles/find_block_coordinate.dir/src/findBlockCoordinate.cpp.o[0m
[1.236s] [01m[K/home/anton/git/LoversOfMen/Perception/src/findBlockCoordinate.cpp:2:10:[m[K [01;31m[Kfatal error: [m[Ksensor_msgs/msg/image.hpp: No such file or directory
[1.236s]     2 | #include [01;31m[K<sensor_msgs/msg/image.hpp>[m[K
[1.236s]       |          [01;31m[K^~~~~~~~~~~~~~~~~~~~~~~~~~~[m[K
[1.236s] compilation terminated.
[1.238s] gmake[2]: *** [CMakeFiles/find_block_coordinate.dir/build.make:76: CMakeFiles/find_block_coordinate.dir/src/findBlockCoordinate.cpp.o] Error 1
[1.238s] gmake[1]: *** [CMakeFiles/Makefile2:137: CMakeFiles/find_block_coordinate.dir/all] Error 2
[1.238s] gmake: *** [Makefile:146: all] Error 2
[1.240s] Invoked command in '/home/anton/git/LoversOfMen/Perception/build/perception' returned '2': /usr/bin/cmake --build /home/anton/git/LoversOfMen/Perception/build/perception -- -j8 -l8
