[0.009s] Invoking command in '/home/anton/ros2_ws/src/LoversOfMen/Integration/build/Integration': /usr/bin/cmake --build /home/anton/ros2_ws/src/LoversOfMen/Integration/build/Integration -- -j8 -l8
[0.047s] Invoked command in '/home/anton/ros2_ws/src/LoversOfMen/Integration/build/Integration' returned '0': /usr/bin/cmake --build /home/anton/ros2_ws/src/LoversOfMen/Integration/build/Integration -- -j8 -l8
[0.056s] Invoking command in '/home/anton/ros2_ws/src/LoversOfMen/Integration/build/Integration': /usr/bin/cmake --install /home/anton/ros2_ws/src/LoversOfMen/Integration/build/Integration
[0.062s] -- Install configuration: ""
[0.062s] -- Up-to-date: /home/anton/ros2_ws/src/LoversOfMen/Integration/install/Integration/share/ament_index/resource_index/package_run_dependencies/Integration
[0.062s] -- Up-to-date: /home/anton/ros2_ws/src/LoversOfMen/Integration/install/Integration/share/ament_index/resource_index/parent_prefix_path/Integration
[0.062s] -- Up-to-date: /home/anton/ros2_ws/src/LoversOfMen/Integration/install/Integration/share/Integration/environment/ament_prefix_path.sh
[0.062s] -- Up-to-date: /home/anton/ros2_ws/src/LoversOfMen/Integration/install/Integration/share/Integration/environment/ament_prefix_path.dsv
[0.062s] -- Up-to-date: /home/anton/ros2_ws/src/LoversOfMen/Integration/install/Integration/share/Integration/environment/path.sh
[0.062s] -- Up-to-date: /home/anton/ros2_ws/src/LoversOfMen/Integration/install/Integration/share/Integration/environment/path.dsv
[0.062s] -- Up-to-date: /home/anton/ros2_ws/src/LoversOfMen/Integration/install/Integration/share/Integration/local_setup.bash
[0.062s] -- Up-to-date: /home/anton/ros2_ws/src/LoversOfMen/Integration/install/Integration/share/Integration/local_setup.sh
[0.062s] -- Up-to-date: /home/anton/ros2_ws/src/LoversOfMen/Integration/install/Integration/share/Integration/local_setup.zsh
[0.062s] -- Up-to-date: /home/anton/ros2_ws/src/LoversOfMen/Integration/install/Integration/share/Integration/local_setup.dsv
[0.062s] -- Installing: /home/anton/ros2_ws/src/LoversOfMen/Integration/install/Integration/share/Integration/package.dsv
[0.062s] -- Up-to-date: /home/anton/ros2_ws/src/LoversOfMen/Integration/install/Integration/share/ament_index/resource_index/packages/Integration
[0.063s] -- Up-to-date: /home/anton/ros2_ws/src/LoversOfMen/Integration/install/Integration/share/Integration/cmake/IntegrationConfig.cmake
[0.063s] -- Up-to-date: /home/anton/ros2_ws/src/LoversOfMen/Integration/install/Integration/share/Integration/cmake/IntegrationConfig-version.cmake
[0.063s] -- Up-to-date: /home/anton/ros2_ws/src/LoversOfMen/Integration/install/Integration/share/Integration/package.xml
[0.065s] Invoked command in '/home/anton/ros2_ws/src/LoversOfMen/Integration/build/Integration' returned '0': /usr/bin/cmake --install /home/anton/ros2_ws/src/LoversOfMen/Integration/build/Integration
