[0.007s] Invoking command in '/home/anton/git/LoversOfMen/Perception/build/perception': /usr/bin/cmake /home/anton/git/LoversOfMen/Perception -DCMAKE_INSTALL_PREFIX=/home/anton/git/LoversOfMen/Perception/install/perception
[0.053s] -- The C compiler identification is GNU 11.4.0
[0.102s] -- The CXX compiler identification is GNU 11.4.0
[0.108s] -- Detecting C compiler ABI info
[0.170s] -- Detecting C compiler ABI info - done
[0.177s] -- Check for working C compiler: /usr/bin/cc - skipped
[0.177s] -- Detecting C compile features
[0.178s] -- Detecting C compile features - done
[0.181s] -- Detecting CXX compiler ABI info
[0.250s] -- Detecting CXX compiler ABI info - done
[0.256s] -- Check for working CXX compiler: /usr/bin/c++ - skipped
[0.256s] -- Detecting CXX compile features
[0.257s] -- Detecting CXX compile features - done
[0.259s] -- Found ament_cmake: 1.3.11 (/opt/ros/humble/share/ament_cmake/cmake)
[0.410s] -- Found Python3: /usr/bin/python3 (found version "3.10.12") found components: Interpreter 
[0.488s] -- Found rclcpp: 16.0.12 (/opt/ros/humble/share/rclcpp/cmake)
[0.520s] -- Found rosidl_generator_c: 3.1.6 (/opt/ros/humble/share/rosidl_generator_c/cmake)
[0.523s] -- Found rosidl_adapter: 3.1.6 (/opt/ros/humble/share/rosidl_adapter/cmake)
[0.531s] -- Found rosidl_generator_cpp: 3.1.6 (/opt/ros/humble/share/rosidl_generator_cpp/cmake)
[0.542s] -- Using all available rosidl_typesupport_c: rosidl_typesupport_fastrtps_c;rosidl_typesupport_introspection_c
[0.555s] -- Using all available rosidl_typesupport_cpp: rosidl_typesupport_fastrtps_cpp;rosidl_typesupport_introspection_cpp
[0.592s] -- Found rmw_implementation_cmake: 6.1.2 (/opt/ros/humble/share/rmw_implementation_cmake/cmake)
[0.594s] -- Found rmw_fastrtps_cpp: 6.2.7 (/opt/ros/humble/share/rmw_fastrtps_cpp/cmake)
[0.664s] -- Found OpenSSL: /usr/lib/x86_64-linux-gnu/libcrypto.so (found version "3.0.2")  
[0.688s] -- Found FastRTPS: /opt/ros/humble/include  
[0.721s] -- Using RMW implementation 'rmw_fastrtps_cpp' as default
[0.728s] -- Looking for pthread.h
[0.794s] -- Looking for pthread.h - found
[0.795s] -- Performing Test CMAKE_HAVE_LIBC_PTHREAD
[0.858s] -- Performing Test CMAKE_HAVE_LIBC_PTHREAD - Success
[0.860s] -- Found Threads: TRUE  
[0.911s] -- Found sensor_msgs: 4.8.0 (/opt/ros/humble/share/sensor_msgs/cmake)
[0.939s] -- Found cv_bridge: 3.2.1 (/opt/ros/humble/share/cv_bridge/cmake)
[0.952s] -- Found OpenCV: /usr (found version "4.5.4") 
[1.004s] Error parsing '/home/anton/git/LoversOfMen/Perception/package.xml':
[1.050s] Traceback (most recent call last):
[1.050s]   File "/opt/ros/humble/share/ament_cmake_core/cmake/core/package_xml_2_cmake.py", line 150, in <module>
[1.050s]     main()
[1.050s]   File "/opt/ros/humble/share/ament_cmake_core/cmake/core/package_xml_2_cmake.py", line 53, in main
[1.050s]     raise e
[1.050s]   File "/opt/ros/humble/share/ament_cmake_core/cmake/core/package_xml_2_cmake.py", line 49, in main
[1.050s]     package = parse_package_string(
[1.050s]   File "/usr/lib/python3/dist-packages/catkin_pkg/package.py", line 786, in parse_package_string
[1.050s]     raise InvalidPackage('Error(s):%s' % (''.join(['\n- %s' % e for e in errors])), filename)
[1.050s] catkin_pkg.package.InvalidPackage: Error(s) in package '/home/anton/git/LoversOfMen/Perception/package.xml':
[1.050s] Error(s):
[1.051s] - The generic dependency on 'cv_bridge' is redundant with: exec_depend
[1.051s] - The generic dependency on 'opencv' is redundant with: exec_depend
[1.065s] [31mCMake Error at /opt/ros/humble/share/ament_cmake_core/cmake/core/ament_package_xml.cmake:95 (message):
[1.065s]   execute_process(/usr/bin/python3
[1.065s]   /opt/ros/humble/share/ament_cmake_core/cmake/core/package_xml_2_cmake.py
[1.065s]   /home/anton/git/LoversOfMen/Perception/package.xml
[1.065s]   /home/anton/git/LoversOfMen/Perception/build/perception/ament_cmake_core/package.cmake)
[1.065s]   returned error code 1
[1.065s] Call Stack (most recent call first):
[1.065s]   /opt/ros/humble/share/ament_cmake_core/cmake/core/ament_package_xml.cmake:49 (_ament_package_xml)
[1.065s]   /opt/ros/humble/share/ament_cmake_core/cmake/core/ament_package.cmake:63 (ament_package_xml)
[1.066s]   CMakeLists.txt:39 (ament_package)
[1.066s] 
[1.066s] [0m
[1.066s] -- Configuring incomplete, errors occurred!
[1.066s] See also "/home/anton/git/LoversOfMen/Perception/build/perception/CMakeFiles/CMakeOutput.log".
[1.074s] Invoked command in '/home/anton/git/LoversOfMen/Perception/build/perception' returned '1': /usr/bin/cmake /home/anton/git/LoversOfMen/Perception -DCMAKE_INSTALL_PREFIX=/home/anton/git/LoversOfMen/Perception/install/perception
