[0.010s] Invoking command in '/home/anton/ros2_ws/src/LoversOfMen/integration/build/integration': /usr/bin/cmake /home/anton/ros2_ws/src/LoversOfMen/integration -DCMAKE_INSTALL_PREFIX=/home/anton/ros2_ws/src/LoversOfMen/integration/install/integration
[0.019s] -- Found ament_cmake: 1.3.11 (/opt/ros/humble/share/ament_cmake/cmake)
[0.147s] -- Found rclcpp: 16.0.12 (/opt/ros/humble/share/rclcpp/cmake)
[0.177s] -- Found rosidl_generator_c: 3.1.6 (/opt/ros/humble/share/rosidl_generator_c/cmake)
[0.181s] -- Found rosidl_adapter: 3.1.6 (/opt/ros/humble/share/rosidl_adapter/cmake)
[0.188s] -- Found rosidl_generator_cpp: 3.1.6 (/opt/ros/humble/share/rosidl_generator_cpp/cmake)
[0.197s] -- Using all available rosidl_typesupport_c: rosidl_typesupport_fastrtps_c;rosidl_typesupport_introspection_c
[0.209s] -- Using all available rosidl_typesupport_cpp: rosidl_typesupport_fastrtps_cpp;rosidl_typesupport_introspection_cpp
[0.245s] -- Found rmw_implementation_cmake: 6.1.2 (/opt/ros/humble/share/rmw_implementation_cmake/cmake)
[0.247s] -- Found rmw_fastrtps_cpp: 6.2.7 (/opt/ros/humble/share/rmw_fastrtps_cpp/cmake)
[0.339s] -- Using RMW implementation 'rmw_fastrtps_cpp' as default
[0.403s] -- Found geometry_msgs: 4.8.0 (/opt/ros/humble/share/geometry_msgs/cmake)
[0.418s] -- Found ament_lint_auto: 0.12.12 (/opt/ros/humble/share/ament_lint_auto/cmake)
[0.541s] -- Added test 'cppcheck' to perform static code analysis on C / C++ code
[0.541s] -- Configured cppcheck include dirs: 
[0.541s] -- Configured cppcheck exclude dirs and/or files: 
[0.544s] -- Added test 'flake8' to check Python code syntax and style conventions
[0.552s] -- Added test 'lint_cmake' to check CMake code style
[0.556s] -- Added test 'pep257' to check Python code against some of the docstring style conventions in PEP 257
[0.579s] -- Added test 'uncrustify' to check C / C++ code style
[0.579s] -- Configured uncrustify additional arguments: 
[0.582s] -- Added test 'xmllint' to check XML markup files
[0.584s] -- Configuring done
[0.586s] [31mCMake Error at CMakeLists.txt:15 (add_executable):
[0.586s]   Cannot find source file:
[0.586s] 
[0.586s]     src/coordinates_publisher.cpp
[0.586s] 
[0.586s]   Tried extensions .c .C .c++ .cc .cpp .cxx .cu .mpp .m .M .mm .ixx .cppm .h
[0.586s]   .hh .h++ .hm .hpp .hxx .in .txx .f .F .for .f77 .f90 .f95 .f03 .hip .ispc
[0.586s] 
[0.586s] [0m
[0.586s] [31mCMake Error at CMakeLists.txt:15 (add_executable):
[0.586s]   No SOURCES given to target: coordinates_publisher
[0.586s] 
[0.586s] [0m
[0.587s] [0mCMake Generate step failed.  Build files cannot be regenerated correctly.[0m
[0.594s] Invoked command in '/home/anton/ros2_ws/src/LoversOfMen/integration/build/integration' returned '1': /usr/bin/cmake /home/anton/ros2_ws/src/LoversOfMen/integration -DCMAKE_INSTALL_PREFIX=/home/anton/ros2_ws/src/LoversOfMen/integration/install/integration
