[0.009s] Invoking command in '/home/anton/ros2_ws/src/LoversOfMen/integration/build/integration': /usr/bin/cmake /home/anton/ros2_ws/src/LoversOfMen/integration -DCMAKE_INSTALL_PREFIX=/home/anton/ros2_ws/src/LoversOfMen/integration/install/integration
[0.022s] -- Found ament_cmake: 1.3.11 (/opt/ros/humble/share/ament_cmake/cmake)
[0.151s] -- Found rclcpp: 16.0.12 (/opt/ros/humble/share/rclcpp/cmake)
[0.190s] -- Found rosidl_generator_c: 3.1.6 (/opt/ros/humble/share/rosidl_generator_c/cmake)
[0.194s] -- Found rosidl_adapter: 3.1.6 (/opt/ros/humble/share/rosidl_adapter/cmake)
[0.203s] -- Found rosidl_generator_cpp: 3.1.6 (/opt/ros/humble/share/rosidl_generator_cpp/cmake)
[0.217s] -- Using all available rosidl_typesupport_c: rosidl_typesupport_fastrtps_c;rosidl_typesupport_introspection_c
[0.236s] -- Using all available rosidl_typesupport_cpp: rosidl_typesupport_fastrtps_cpp;rosidl_typesupport_introspection_cpp
[0.270s] -- Found rmw_implementation_cmake: 6.1.2 (/opt/ros/humble/share/rmw_implementation_cmake/cmake)
[0.271s] -- Found rmw_fastrtps_cpp: 6.2.7 (/opt/ros/humble/share/rmw_fastrtps_cpp/cmake)
[0.364s] -- Using RMW implementation 'rmw_fastrtps_cpp' as default
[0.416s] -- Found geometry_msgs: 4.8.0 (/opt/ros/humble/share/geometry_msgs/cmake)
[0.433s] -- Found ament_lint_auto: 0.12.12 (/opt/ros/humble/share/ament_lint_auto/cmake)
[0.512s] Error parsing '/home/anton/ros2_ws/src/LoversOfMen/integration/package.xml':
[0.567s] Traceback (most recent call last):
[0.567s]   File "/opt/ros/humble/share/ament_cmake_core/cmake/core/package_xml_2_cmake.py", line 150, in <module>
[0.567s]     main()
[0.567s]   File "/opt/ros/humble/share/ament_cmake_core/cmake/core/package_xml_2_cmake.py", line 53, in main
[0.568s]     raise e
[0.568s]   File "/opt/ros/humble/share/ament_cmake_core/cmake/core/package_xml_2_cmake.py", line 49, in main
[0.568s]     package = parse_package_string(
[0.568s]   File "/usr/lib/python3/dist-packages/catkin_pkg/package.py", line 786, in parse_package_string
[0.568s]     raise InvalidPackage('Error(s):%s' % (''.join(['\n- %s' % e for e in errors])), filename)
[0.568s] catkin_pkg.package.InvalidPackage: Error(s) in package '/home/anton/ros2_ws/src/LoversOfMen/integration/package.xml':
[0.568s] Error(s):
[0.568s] - The generic dependency on 'geometry_msgs' is redundant with: exec_depend
[0.587s] [31mCMake Error at /opt/ros/humble/share/ament_cmake_core/cmake/core/ament_package_xml.cmake:95 (message):
[0.587s]   execute_process(/usr/bin/python3
[0.588s]   /opt/ros/humble/share/ament_cmake_core/cmake/core/package_xml_2_cmake.py
[0.588s]   /home/anton/ros2_ws/src/LoversOfMen/integration/package.xml
[0.588s]   /home/anton/ros2_ws/src/LoversOfMen/integration/build/integration/ament_cmake_core/package.cmake)
[0.588s]   returned error code 1
[0.588s] Call Stack (most recent call first):
[0.588s]   /opt/ros/humble/share/ament_cmake_core/cmake/core/ament_package_xml.cmake:49 (_ament_package_xml)
[0.588s]   /opt/ros/humble/share/ament_lint_auto/cmake/ament_lint_auto_find_test_dependencies.cmake:31 (ament_package_xml)
[0.588s]   CMakeLists.txt:34 (ament_lint_auto_find_test_dependencies)
[0.588s] 
[0.588s] [0m
[0.588s] -- Configuring incomplete, errors occurred!
[0.588s] See also "/home/anton/ros2_ws/src/LoversOfMen/integration/build/integration/CMakeFiles/CMakeOutput.log".
[0.594s] Invoked command in '/home/anton/ros2_ws/src/LoversOfMen/integration/build/integration' returned '1': /usr/bin/cmake /home/anton/ros2_ws/src/LoversOfMen/integration -DCMAKE_INSTALL_PREFIX=/home/anton/ros2_ws/src/LoversOfMen/integration/install/integration
