[0.008s] Invoking command in '/home/anton/git/LoversOfMen/build/perception': /usr/bin/cmake /home/anton/git/LoversOfMen/Perception -DCMAKE_INSTALL_PREFIX=/home/anton/git/LoversOfMen/install/perception
[0.018s] -- Found ament_cmake: 1.3.11 (/opt/ros/humble/share/ament_cmake/cmake)
[0.131s] -- Found rclcpp: 16.0.12 (/opt/ros/humble/share/rclcpp/cmake)
[0.156s] -- Found rosidl_generator_c: 3.1.6 (/opt/ros/humble/share/rosidl_generator_c/cmake)
[0.159s] -- Found rosidl_adapter: 3.1.6 (/opt/ros/humble/share/rosidl_adapter/cmake)
[0.164s] -- Found rosidl_generator_cpp: 3.1.6 (/opt/ros/humble/share/rosidl_generator_cpp/cmake)
[0.172s] -- Using all available rosidl_typesupport_c: rosidl_typesupport_fastrtps_c;rosidl_typesupport_introspection_c
[0.183s] -- Using all available rosidl_typesupport_cpp: rosidl_typesupport_fastrtps_cpp;rosidl_typesupport_introspection_cpp
[0.211s] -- Found rmw_implementation_cmake: 6.1.2 (/opt/ros/humble/share/rmw_implementation_cmake/cmake)
[0.212s] -- Found rmw_fastrtps_cpp: 6.2.7 (/opt/ros/humble/share/rmw_fastrtps_cpp/cmake)
[0.296s] -- Using RMW implementation 'rmw_fastrtps_cpp' as default
[0.341s] [31mCMake Error at /opt/ros/humble/share/ament_cmake_target_dependencies/cmake/ament_target_dependencies.cmake:42 (message):
[0.341s]   ament_target_dependencies() the first argument must be a valid target name
[0.341s] Call Stack (most recent call first):
[0.341s]   CMakeLists.txt:14 (ament_target_dependencies)
[0.341s] 
[0.342s] [0m
[0.342s] -- Configuring incomplete, errors occurred!
[0.342s] See also "/home/anton/git/LoversOfMen/build/perception/CMakeFiles/CMakeOutput.log".
[0.347s] Invoked command in '/home/anton/git/LoversOfMen/build/perception' returned '1': /usr/bin/cmake /home/anton/git/LoversOfMen/Perception -DCMAKE_INSTALL_PREFIX=/home/anton/git/LoversOfMen/install/perception
