[0.007s] Invoking command in '/home/anton/ros2_ws/src/LoversOfMen/integration/build/integration': /usr/bin/cmake /home/anton/ros2_ws/src/LoversOfMen/integration -DCMAKE_INSTALL_PREFIX=/home/anton/ros2_ws/src/LoversOfMen/integration/install/integration
[0.061s] -- The C compiler identification is GNU 11.4.0
[0.111s] -- The CXX compiler identification is GNU 11.4.0
[0.119s] -- Detecting C compiler ABI info
[0.189s] -- Detecting C compiler ABI info - done
[0.196s] -- Check for working C compiler: /usr/bin/cc - skipped
[0.196s] -- Detecting C compile features
[0.197s] -- Detecting C compile features - done
[0.200s] -- Detecting CXX compiler ABI info
[0.276s] -- Detecting CXX compiler ABI info - done
[0.283s] -- Check for working CXX compiler: /usr/bin/c++ - skipped
[0.283s] -- Detecting CXX compile features
[0.283s] -- Detecting CXX compile features - done
[0.285s] -- Found ament_cmake: 1.3.11 (/opt/ros/humble/share/ament_cmake/cmake)
[0.435s] -- Found Python3: /usr/bin/python3 (found version "3.10.12") found components: Interpreter 
[0.531s] -- Found rclcpp: 16.0.12 (/opt/ros/humble/share/rclcpp/cmake)
[0.568s] -- Found rosidl_generator_c: 3.1.6 (/opt/ros/humble/share/rosidl_generator_c/cmake)
[0.573s] -- Found rosidl_adapter: 3.1.6 (/opt/ros/humble/share/rosidl_adapter/cmake)
[0.584s] -- Found rosidl_generator_cpp: 3.1.6 (/opt/ros/humble/share/rosidl_generator_cpp/cmake)
[0.604s] -- Using all available rosidl_typesupport_c: rosidl_typesupport_fastrtps_c;rosidl_typesupport_introspection_c
[0.622s] -- Using all available rosidl_typesupport_cpp: rosidl_typesupport_fastrtps_cpp;rosidl_typesupport_introspection_cpp
[0.666s] -- Found rmw_implementation_cmake: 6.1.2 (/opt/ros/humble/share/rmw_implementation_cmake/cmake)
[0.669s] -- Found rmw_fastrtps_cpp: 6.2.7 (/opt/ros/humble/share/rmw_fastrtps_cpp/cmake)
[0.749s] -- Found OpenSSL: /usr/lib/x86_64-linux-gnu/libcrypto.so (found version "3.0.2")  
[0.773s] -- Found FastRTPS: /opt/ros/humble/include  
[0.809s] -- Using RMW implementation 'rmw_fastrtps_cpp' as default
[0.817s] -- Looking for pthread.h
[0.890s] -- Looking for pthread.h - found
[0.890s] -- Performing Test CMAKE_HAVE_LIBC_PTHREAD
[0.960s] -- Performing Test CMAKE_HAVE_LIBC_PTHREAD - Success
[0.961s] -- Found Threads: TRUE  
[1.013s] [31mCMake Error at CMakeLists.txt:11 (find_package):
[1.013s]   By not providing "Findcustom_msgs.cmake" in CMAKE_MODULE_PATH this project
[1.013s]   has asked CMake to find a package configuration file provided by
[1.014s]   "custom_msgs", but CMake did not find one.
[1.014s] 
[1.014s]   Could not find a package configuration file provided by "custom_msgs" with
[1.014s]   any of the following names:
[1.014s] 
[1.014s]     custom_msgsConfig.cmake
[1.014s]     custom_msgs-config.cmake
[1.014s] 
[1.014s]   Add the installation prefix of "custom_msgs" to CMAKE_PREFIX_PATH or set
[1.014s]   "custom_msgs_DIR" to a directory containing one of the above files.  If
[1.014s]   "custom_msgs" provides a separate development package or SDK, be sure it
[1.014s]   has been installed.
[1.014s] 
[1.014s] [0m
[1.015s] -- Configuring incomplete, errors occurred!
[1.015s] See also "/home/anton/ros2_ws/src/LoversOfMen/integration/build/integration/CMakeFiles/CMakeOutput.log".
[1.023s] Invoked command in '/home/anton/ros2_ws/src/LoversOfMen/integration/build/integration' returned '1': /usr/bin/cmake /home/anton/ros2_ws/src/LoversOfMen/integration -DCMAKE_INSTALL_PREFIX=/home/anton/ros2_ws/src/LoversOfMen/integration/install/integration
